This is pdfTeX, Version 3.14159265-2.6-1.40.19 (MiKTeX 2.9.6650) (preloaded format=pdflatex 2018.3.27)  11 APR 2018 16:08
entering extended mode
**./report.tex
(report.tex
LaTeX2e <2017-04-15>
Babel <3.18> and hyphenation patterns for 0 language(s) loaded.
(/home/iotsys3/.miktex/texmfs/install/tex/latex/base/report.cls
Document Class: report 2014/09/29 v1.4h Standard LaTeX document class
(/home/iotsys3/.miktex/texmfs/install/tex/latex/base/size10.clo
File: size10.clo 2014/09/29 v1.4h Standard LaTeX file (size option)
)
\c@part=\count79
\c@chapter=\count80
\c@section=\count81
\c@subsection=\count82
\c@subsubsection=\count83
\c@paragraph=\count84
\c@subparagraph=\count85
\c@figure=\count86
\c@table=\count87
\abovecaptionskip=\skip41
\belowcaptionskip=\skip42
\bibindent=\dimen102
)
(/home/iotsys3/.miktex/texmfs/install/tex/latex/amsmath/amsmath.sty
Package: amsmath 2017/09/02 v2.17a AMS math features
\@mathmargin=\skip43

For additional information on amsmath, use the `?' option.
(/home/iotsys3/.miktex/texmfs/install/tex/latex/amsmath/amstext.sty
Package: amstext 2000/06/29 v2.01 AMS text

(/home/iotsys3/.miktex/texmfs/install/tex/latex/amsmath/amsgen.sty
File: amsgen.sty 1999/11/30 v2.0 generic functions
\@emptytoks=\toks14
\ex@=\dimen103
))
(/home/iotsys3/.miktex/texmfs/install/tex/latex/amsmath/amsbsy.sty
Package: amsbsy 1999/11/29 v1.2d Bold Symbols
\pmbraise@=\dimen104
)
(/home/iotsys3/.miktex/texmfs/install/tex/latex/amsmath/amsopn.sty
Package: amsopn 2016/03/08 v2.02 operator names
)
\inf@bad=\count88
LaTeX Info: Redefining \frac on input line 213.
\uproot@=\count89
\leftroot@=\count90
LaTeX Info: Redefining \overline on input line 375.
\classnum@=\count91
\DOTSCASE@=\count92
LaTeX Info: Redefining \ldots on input line 472.
LaTeX Info: Redefining \dots on input line 475.
LaTeX Info: Redefining \cdots on input line 596.
\Mathstrutbox@=\box26
\strutbox@=\box27
\big@size=\dimen105
LaTeX Font Info:    Redeclaring font encoding OML on input line 712.
LaTeX Font Info:    Redeclaring font encoding OMS on input line 713.
\macc@depth=\count93
\c@MaxMatrixCols=\count94
\dotsspace@=\muskip10
\c@parentequation=\count95
\dspbrk@lvl=\count96
\tag@help=\toks15
\row@=\count97
\column@=\count98
\maxfields@=\count99
\andhelp@=\toks16
\eqnshift@=\dimen106
\alignsep@=\dimen107
\tagshift@=\dimen108
\tagwidth@=\dimen109
\totwidth@=\dimen110
\lineht@=\dimen111
\@envbody=\toks17
\multlinegap=\skip44
\multlinetaggap=\skip45
\mathdisplay@stack=\toks18
LaTeX Info: Redefining \[ on input line 2817.
LaTeX Info: Redefining \] on input line 2818.
)
(/home/iotsys3/.miktex/texmfs/install/tex/latex/algorithms/algorithm.sty
Package: algorithm 2009/08/24 v0.1 Document Style `algorithm' - floating enviro
nment

(/home/iotsys3/.miktex/texmfs/install/tex/latex/float/float.sty
Package: float 2001/11/08 v1.3d Float enhancements (AL)
\c@float@type=\count100
\float@exts=\toks19
\float@box=\box28
\@float@everytoks=\toks20
\@floatcapt=\box29
)
(/home/iotsys3/.miktex/texmfs/install/tex/latex/base/ifthen.sty
Package: ifthen 2014/09/29 v1.1c Standard LaTeX ifthen package (DPC)
)
\@float@every@algorithm=\toks21
\c@algorithm=\count101
)
(/home/iotsys3/.miktex/texmfs/install/tex/latex/algorithmicx/algpseudocode.sty
Package: algpseudocode 

(/home/iotsys3/.miktex/texmfs/install/tex/latex/algorithmicx/algorithmicx.sty
Package: algorithmicx 2005/04/27 v1.2 Algorithmicx

Document Style algorithmicx 1.2 - a greatly improved `algorithmic' style
\c@ALG@line=\count102
\c@ALG@rem=\count103
\c@ALG@nested=\count104
\ALG@tlm=\skip46
\ALG@thistlm=\skip47
\c@ALG@Lnr=\count105
\c@ALG@blocknr=\count106
\c@ALG@storecount=\count107
\c@ALG@tmpcounter=\count108
\ALG@tmplength=\skip48
)
Document Style - pseudocode environments for use with the `algorithmicx' style
) (/home/iotsys3/.miktex/texmfs/install/tex/latex/graphics/graphicx.sty
Package: graphicx 2017/06/01 v1.1a Enhanced LaTeX Graphics (DPC,SPQR)

(/home/iotsys3/.miktex/texmfs/install/tex/latex/graphics/keyval.sty
Package: keyval 2014/10/28 v1.15 key=value parser (DPC)
\KV@toks@=\toks22
)
(/home/iotsys3/.miktex/texmfs/install/tex/latex/graphics/graphics.sty
Package: graphics 2017/06/25 v1.2c Standard LaTeX Graphics (DPC,SPQR)

(/home/iotsys3/.miktex/texmfs/install/tex/latex/graphics/trig.sty
Package: trig 2016/01/03 v1.10 sin cos tan (DPC)
)
(/home/iotsys3/.miktex/texmfs/install/tex/latex/graphics-cfg/graphics.cfg
File: graphics.cfg 2016/06/04 v1.11 sample graphics configuration
)
Package graphics Info: Driver file: pdftex.def on input line 99.

(/home/iotsys3/.miktex/texmfs/install/tex/latex/graphics-def/pdftex.def
File: pdftex.def 2018/01/08 v1.0l Graphics/color driver for pdftex
))
\Gin@req@height=\dimen112
\Gin@req@width=\dimen113
)
(/home/iotsys3/.miktex/texmfs/install/tex/latex/listings/listings.sty
\lst@mode=\count109
\lst@gtempboxa=\box30
\lst@token=\toks23
\lst@length=\count110
\lst@currlwidth=\dimen114
\lst@column=\count111
\lst@pos=\count112
\lst@lostspace=\dimen115
\lst@width=\dimen116
\lst@newlines=\count113
\lst@lineno=\count114
\lst@maxwidth=\dimen117

(/home/iotsys3/.miktex/texmfs/install/tex/latex/listings/lstmisc.sty
File: lstmisc.sty 2015/06/04 1.6 (Carsten Heinz)
\c@lstnumber=\count115
\lst@skipnumbers=\count116
\lst@framebox=\box31
)
(/home/iotsys3/.miktex/texmfs/install/tex/latex/listings/listings.cfg
File: listings.cfg 2015/06/04 1.6 listings configuration
))
Package: listings 2015/06/04 1.6 (Carsten Heinz)

(/home/iotsys3/.miktex/texmfs/install/tex/latex/base/inputenc.sty
Package: inputenc 2015/03/17 v1.2c Input encoding file
\inpenc@prehook=\toks24
\inpenc@posthook=\toks25

(/home/iotsys3/.miktex/texmfs/install/tex/latex/base/utf8.def
File: utf8.def 2017/01/28 v1.1t UTF-8 support for inputenc
Now handling font encoding OML ...
... no UTF-8 mapping file for font encoding OML
Now handling font encoding T1 ...
... processing UTF-8 mapping file for font encoding T1

(/home/iotsys3/.miktex/texmfs/install/tex/latex/base/t1enc.dfu
File: t1enc.dfu 2017/01/28 v1.1t UTF-8 support for inputenc
   defining Unicode char U+00A0 (decimal 160)
   defining Unicode char U+00A1 (decimal 161)
   defining Unicode char U+00A3 (decimal 163)
   defining Unicode char U+00AB (decimal 171)
   defining Unicode char U+00AD (decimal 173)
   defining Unicode char U+00BB (decimal 187)
   defining Unicode char U+00BF (decimal 191)
   defining Unicode char U+00C0 (decimal 192)
   defining Unicode char U+00C1 (decimal 193)
   defining Unicode char U+00C2 (decimal 194)
   defining Unicode char U+00C3 (decimal 195)
   defining Unicode char U+00C4 (decimal 196)
   defining Unicode char U+00C5 (decimal 197)
   defining Unicode char U+00C6 (decimal 198)
   defining Unicode char U+00C7 (decimal 199)
   defining Unicode char U+00C8 (decimal 200)
   defining Unicode char U+00C9 (decimal 201)
   defining Unicode char U+00CA (decimal 202)
   defining Unicode char U+00CB (decimal 203)
   defining Unicode char U+00CC (decimal 204)
   defining Unicode char U+00CD (decimal 205)
   defining Unicode char U+00CE (decimal 206)
   defining Unicode char U+00CF (decimal 207)
   defining Unicode char U+00D0 (decimal 208)
   defining Unicode char U+00D1 (decimal 209)
   defining Unicode char U+00D2 (decimal 210)
   defining Unicode char U+00D3 (decimal 211)
   defining Unicode char U+00D4 (decimal 212)
   defining Unicode char U+00D5 (decimal 213)
   defining Unicode char U+00D6 (decimal 214)
   defining Unicode char U+00D8 (decimal 216)
   defining Unicode char U+00D9 (decimal 217)
   defining Unicode char U+00DA (decimal 218)
   defining Unicode char U+00DB (decimal 219)
   defining Unicode char U+00DC (decimal 220)
   defining Unicode char U+00DD (decimal 221)
   defining Unicode char U+00DE (decimal 222)
   defining Unicode char U+00DF (decimal 223)
   defining Unicode char U+00E0 (decimal 224)
   defining Unicode char U+00E1 (decimal 225)
   defining Unicode char U+00E2 (decimal 226)
   defining Unicode char U+00E3 (decimal 227)
   defining Unicode char U+00E4 (decimal 228)
   defining Unicode char U+00E5 (decimal 229)
   defining Unicode char U+00E6 (decimal 230)
   defining Unicode char U+00E7 (decimal 231)
   defining Unicode char U+00E8 (decimal 232)
   defining Unicode char U+00E9 (decimal 233)
   defining Unicode char U+00EA (decimal 234)
   defining Unicode char U+00EB (decimal 235)
   defining Unicode char U+00EC (decimal 236)
   defining Unicode char U+00ED (decimal 237)
   defining Unicode char U+00EE (decimal 238)
   defining Unicode char U+00EF (decimal 239)
   defining Unicode char U+00F0 (decimal 240)
   defining Unicode char U+00F1 (decimal 241)
   defining Unicode char U+00F2 (decimal 242)
   defining Unicode char U+00F3 (decimal 243)
   defining Unicode char U+00F4 (decimal 244)
   defining Unicode char U+00F5 (decimal 245)
   defining Unicode char U+00F6 (decimal 246)
   defining Unicode char U+00F8 (decimal 248)
   defining Unicode char U+00F9 (decimal 249)
   defining Unicode char U+00FA (decimal 250)
   defining Unicode char U+00FB (decimal 251)
   defining Unicode char U+00FC (decimal 252)
   defining Unicode char U+00FD (decimal 253)
   defining Unicode char U+00FE (decimal 254)
   defining Unicode char U+00FF (decimal 255)
   defining Unicode char U+0100 (decimal 256)
   defining Unicode char U+0101 (decimal 257)
   defining Unicode char U+0102 (decimal 258)
   defining Unicode char U+0103 (decimal 259)
   defining Unicode char U+0104 (decimal 260)
   defining Unicode char U+0105 (decimal 261)
   defining Unicode char U+0106 (decimal 262)
   defining Unicode char U+0107 (decimal 263)
   defining Unicode char U+0108 (decimal 264)
   defining Unicode char U+0109 (decimal 265)
   defining Unicode char U+010A (decimal 266)
   defining Unicode char U+010B (decimal 267)
   defining Unicode char U+010C (decimal 268)
   defining Unicode char U+010D (decimal 269)
   defining Unicode char U+010E (decimal 270)
   defining Unicode char U+010F (decimal 271)
   defining Unicode char U+0110 (decimal 272)
   defining Unicode char U+0111 (decimal 273)
   defining Unicode char U+0112 (decimal 274)
   defining Unicode char U+0113 (decimal 275)
   defining Unicode char U+0114 (decimal 276)
   defining Unicode char U+0115 (decimal 277)
   defining Unicode char U+0116 (decimal 278)
   defining Unicode char U+0117 (decimal 279)
   defining Unicode char U+0118 (decimal 280)
   defining Unicode char U+0119 (decimal 281)
   defining Unicode char U+011A (decimal 282)
   defining Unicode char U+011B (decimal 283)
   defining Unicode char U+011C (decimal 284)
   defining Unicode char U+011D (decimal 285)
   defining Unicode char U+011E (decimal 286)
   defining Unicode char U+011F (decimal 287)
   defining Unicode char U+0120 (decimal 288)
   defining Unicode char U+0121 (decimal 289)
   defining Unicode char U+0122 (decimal 290)
   defining Unicode char U+0123 (decimal 291)
   defining Unicode char U+0124 (decimal 292)
   defining Unicode char U+0125 (decimal 293)
   defining Unicode char U+0128 (decimal 296)
   defining Unicode char U+0129 (decimal 297)
   defining Unicode char U+012A (decimal 298)
   defining Unicode char U+012B (decimal 299)
   defining Unicode char U+012C (decimal 300)
   defining Unicode char U+012D (decimal 301)
   defining Unicode char U+012E (decimal 302)
   defining Unicode char U+012F (decimal 303)
   defining Unicode char U+0130 (decimal 304)
   defining Unicode char U+0131 (decimal 305)
   defining Unicode char U+0132 (decimal 306)
   defining Unicode char U+0133 (decimal 307)
   defining Unicode char U+0134 (decimal 308)
   defining Unicode char U+0135 (decimal 309)
   defining Unicode char U+0136 (decimal 310)
   defining Unicode char U+0137 (decimal 311)
   defining Unicode char U+0139 (decimal 313)
   defining Unicode char U+013A (decimal 314)
   defining Unicode char U+013B (decimal 315)
   defining Unicode char U+013C (decimal 316)
   defining Unicode char U+013D (decimal 317)
   defining Unicode char U+013E (decimal 318)
   defining Unicode char U+0141 (decimal 321)
   defining Unicode char U+0142 (decimal 322)
   defining Unicode char U+0143 (decimal 323)
   defining Unicode char U+0144 (decimal 324)
   defining Unicode char U+0145 (decimal 325)
   defining Unicode char U+0146 (decimal 326)
   defining Unicode char U+0147 (decimal 327)
   defining Unicode char U+0148 (decimal 328)
   defining Unicode char U+014A (decimal 330)
   defining Unicode char U+014B (decimal 331)
   defining Unicode char U+014C (decimal 332)
   defining Unicode char U+014D (decimal 333)
   defining Unicode char U+014E (decimal 334)
   defining Unicode char U+014F (decimal 335)
   defining Unicode char U+0150 (decimal 336)
   defining Unicode char U+0151 (decimal 337)
   defining Unicode char U+0152 (decimal 338)
   defining Unicode char U+0153 (decimal 339)
   defining Unicode char U+0154 (decimal 340)
   defining Unicode char U+0155 (decimal 341)
   defining Unicode char U+0156 (decimal 342)
   defining Unicode char U+0157 (decimal 343)
   defining Unicode char U+0158 (decimal 344)
   defining Unicode char U+0159 (decimal 345)
   defining Unicode char U+015A (decimal 346)
   defining Unicode char U+015B (decimal 347)
   defining Unicode char U+015C (decimal 348)
   defining Unicode char U+015D (decimal 349)
   defining Unicode char U+015E (decimal 350)
   defining Unicode char U+015F (decimal 351)
   defining Unicode char U+0160 (decimal 352)
   defining Unicode char U+0161 (decimal 353)
   defining Unicode char U+0162 (decimal 354)
   defining Unicode char U+0163 (decimal 355)
   defining Unicode char U+0164 (decimal 356)
   defining Unicode char U+0165 (decimal 357)
   defining Unicode char U+0168 (decimal 360)
   defining Unicode char U+0169 (decimal 361)
   defining Unicode char U+016A (decimal 362)
   defining Unicode char U+016B (decimal 363)
   defining Unicode char U+016C (decimal 364)
   defining Unicode char U+016D (decimal 365)
   defining Unicode char U+016E (decimal 366)
   defining Unicode char U+016F (decimal 367)
   defining Unicode char U+0170 (decimal 368)
   defining Unicode char U+0171 (decimal 369)
   defining Unicode char U+0172 (decimal 370)
   defining Unicode char U+0173 (decimal 371)
   defining Unicode char U+0174 (decimal 372)
   defining Unicode char U+0175 (decimal 373)
   defining Unicode char U+0176 (decimal 374)
   defining Unicode char U+0177 (decimal 375)
   defining Unicode char U+0178 (decimal 376)
   defining Unicode char U+0179 (decimal 377)
   defining Unicode char U+017A (decimal 378)
   defining Unicode char U+017B (decimal 379)
   defining Unicode char U+017C (decimal 380)
   defining Unicode char U+017D (decimal 381)
   defining Unicode char U+017E (decimal 382)
   defining Unicode char U+01CD (decimal 461)
   defining Unicode char U+01CE (decimal 462)
   defining Unicode char U+01CF (decimal 463)
   defining Unicode char U+01D0 (decimal 464)
   defining Unicode char U+01D1 (decimal 465)
   defining Unicode char U+01D2 (decimal 466)
   defining Unicode char U+01D3 (decimal 467)
   defining Unicode char U+01D4 (decimal 468)
   defining Unicode char U+01E2 (decimal 482)
   defining Unicode char U+01E3 (decimal 483)
   defining Unicode char U+01E6 (decimal 486)
   defining Unicode char U+01E7 (decimal 487)
   defining Unicode char U+01E8 (decimal 488)
   defining Unicode char U+01E9 (decimal 489)
   defining Unicode char U+01EA (decimal 490)
   defining Unicode char U+01EB (decimal 491)
   defining Unicode char U+01F0 (decimal 496)
   defining Unicode char U+01F4 (decimal 500)
   defining Unicode char U+01F5 (decimal 501)
   defining Unicode char U+0218 (decimal 536)
   defining Unicode char U+0219 (decimal 537)
   defining Unicode char U+021A (decimal 538)
   defining Unicode char U+021B (decimal 539)
   defining Unicode char U+0232 (decimal 562)
   defining Unicode char U+0233 (decimal 563)
   defining Unicode char U+1E02 (decimal 7682)
   defining Unicode char U+1E03 (decimal 7683)
   defining Unicode char U+200C (decimal 8204)
   defining Unicode char U+2010 (decimal 8208)
   defining Unicode char U+2011 (decimal 8209)
   defining Unicode char U+2012 (decimal 8210)
   defining Unicode char U+2013 (decimal 8211)
   defining Unicode char U+2014 (decimal 8212)
   defining Unicode char U+2015 (decimal 8213)
   defining Unicode char U+2018 (decimal 8216)
   defining Unicode char U+2019 (decimal 8217)
   defining Unicode char U+201A (decimal 8218)
   defining Unicode char U+201C (decimal 8220)
   defining Unicode char U+201D (decimal 8221)
   defining Unicode char U+201E (decimal 8222)
   defining Unicode char U+2030 (decimal 8240)
   defining Unicode char U+2031 (decimal 8241)
   defining Unicode char U+2039 (decimal 8249)
   defining Unicode char U+203A (decimal 8250)
   defining Unicode char U+2423 (decimal 9251)
   defining Unicode char U+1E20 (decimal 7712)
   defining Unicode char U+1E21 (decimal 7713)
)
Now handling font encoding OT1 ...
... processing UTF-8 mapping file for font encoding OT1

(/home/iotsys3/.miktex/texmfs/install/tex/latex/base/ot1enc.dfu
File: ot1enc.dfu 2017/01/28 v1.1t UTF-8 support for inputenc
   defining Unicode char U+00A0 (decimal 160)
   defining Unicode char U+00A1 (decimal 161)
   defining Unicode char U+00A3 (decimal 163)
   defining Unicode char U+00AD (decimal 173)
   defining Unicode char U+00B8 (decimal 184)
   defining Unicode char U+00BF (decimal 191)
   defining Unicode char U+00C5 (decimal 197)
   defining Unicode char U+00C6 (decimal 198)
   defining Unicode char U+00D8 (decimal 216)
   defining Unicode char U+00DF (decimal 223)
   defining Unicode char U+00E6 (decimal 230)
   defining Unicode char U+00EC (decimal 236)
   defining Unicode char U+00ED (decimal 237)
   defining Unicode char U+00EE (decimal 238)
   defining Unicode char U+00EF (decimal 239)
   defining Unicode char U+00F8 (decimal 248)
   defining Unicode char U+0131 (decimal 305)
   defining Unicode char U+0141 (decimal 321)
   defining Unicode char U+0142 (decimal 322)
   defining Unicode char U+0152 (decimal 338)
   defining Unicode char U+0153 (decimal 339)
   defining Unicode char U+0174 (decimal 372)
   defining Unicode char U+0175 (decimal 373)
   defining Unicode char U+0176 (decimal 374)
   defining Unicode char U+0177 (decimal 375)
   defining Unicode char U+0218 (decimal 536)
   defining Unicode char U+0219 (decimal 537)
   defining Unicode char U+021A (decimal 538)
   defining Unicode char U+021B (decimal 539)
   defining Unicode char U+2013 (decimal 8211)
   defining Unicode char U+2014 (decimal 8212)
   defining Unicode char U+2018 (decimal 8216)
   defining Unicode char U+2019 (decimal 8217)
   defining Unicode char U+201C (decimal 8220)
   defining Unicode char U+201D (decimal 8221)
)
Now handling font encoding OMS ...
... processing UTF-8 mapping file for font encoding OMS

(/home/iotsys3/.miktex/texmfs/install/tex/latex/base/omsenc.dfu
File: omsenc.dfu 2017/01/28 v1.1t UTF-8 support for inputenc
   defining Unicode char U+00A7 (decimal 167)
   defining Unicode char U+00B6 (decimal 182)
   defining Unicode char U+00B7 (decimal 183)
   defining Unicode char U+2020 (decimal 8224)
   defining Unicode char U+2021 (decimal 8225)
   defining Unicode char U+2022 (decimal 8226)
)
Now handling font encoding OMX ...
... no UTF-8 mapping file for font encoding OMX
Now handling font encoding U ...
... no UTF-8 mapping file for font encoding U
   defining Unicode char U+00A9 (decimal 169)
   defining Unicode char U+00AA (decimal 170)
   defining Unicode char U+00AE (decimal 174)
   defining Unicode char U+00BA (decimal 186)
   defining Unicode char U+02C6 (decimal 710)
   defining Unicode char U+02DC (decimal 732)
   defining Unicode char U+200C (decimal 8204)
   defining Unicode char U+2026 (decimal 8230)
   defining Unicode char U+2122 (decimal 8482)
   defining Unicode char U+2423 (decimal 9251)
))
(/home/iotsys3/.miktex/texmfs/install/tex/latex/tools/array.sty
Package: array 2016/10/06 v2.4d Tabular extension package (FMi)
\col@sep=\dimen118
\extrarowheight=\dimen119
\NC@list=\toks26
\extratabsurround=\skip49
\backup@length=\skip50
)
(/home/iotsys3/.miktex/texmfs/install/tex/latex/tabu/tabu.sty
Package: tabu 2011/02/26 v2.8 - flexible LaTeX tabulars (FC)

(/home/iotsys3/.miktex/texmfs/install/tex/latex/varwidth/varwidth.sty
Package: varwidth 2009/03/30 ver 0.92;  Variable-width minipages
\@vwid@box=\box32
\sift@deathcycles=\count117
\@vwid@loff=\dimen120
\@vwid@roff=\dimen121
)
\c@taburow=\count118
\tabu@nbcols=\count119
\tabu@cnt=\count120
\tabu@Xcol=\count121
\tabu@alloc=\count122
\tabu@nested=\count123
\tabu@target=\dimen122
\tabu@spreadtarget=\dimen123
\tabu@naturalX=\dimen124
\tabucolX=\dimen125
\tabu@Xsum=\dimen126
\extrarowdepth=\dimen127
\abovetabulinesep=\dimen128
\belowtabulinesep=\dimen129
\tabustrutrule=\dimen130
\tabu@thebody=\toks27
\tabu@footnotes=\toks28
\tabu@box=\box33
\tabu@arstrutbox=\box34
\tabu@hleads=\box35
\tabu@vleads=\box36
\tabu@cellskip=\skip51
)
(/home/iotsys3/.miktex/texmfs/install/tex/latex/graphics/color.sty
Package: color 2016/07/10 v1.1e Standard LaTeX Color (DPC)

(/home/iotsys3/.miktex/texmfs/install/tex/latex/graphics-cfg/color.cfg
File: color.cfg 2016/01/02 v1.6 sample color configuration
)
Package color Info: Driver file: pdftex.def on input line 147.
)
(/home/iotsys3/.miktex/texmfs/install/tex/latex/hyperref/hyperref.sty
Package: hyperref 2018/02/06 v6.86b Hypertext links for LaTeX

(/home/iotsys3/.miktex/texmfs/install/tex/generic/oberdiek/hobsub-hyperref.sty
Package: hobsub-hyperref 2016/05/16 v1.14 Bundle oberdiek, subset hyperref (HO)


(/home/iotsys3/.miktex/texmfs/install/tex/generic/oberdiek/hobsub-generic.sty
Package: hobsub-generic 2016/05/16 v1.14 Bundle oberdiek, subset generic (HO)
Package: hobsub 2016/05/16 v1.14 Construct package bundles (HO)
Package: infwarerr 2016/05/16 v1.4 Providing info/warning/error messages (HO)
Package: ltxcmds 2016/05/16 v1.23 LaTeX kernel commands for general use (HO)
Package: ifluatex 2016/05/16 v1.4 Provides the ifluatex switch (HO)
Package ifluatex Info: LuaTeX not detected.
Package: ifvtex 2016/05/16 v1.6 Detect VTeX and its facilities (HO)
Package ifvtex Info: VTeX not detected.
Package: intcalc 2016/05/16 v1.2 Expandable calculations with integers (HO)
Package: ifpdf 2017/03/15 v3.2 Provides the ifpdf switch
Package: etexcmds 2016/05/16 v1.6 Avoid name clashes with e-TeX commands (HO)
Package etexcmds Info: Could not find \expanded.
(etexcmds)             That can mean that you are not using pdfTeX 1.50 or
(etexcmds)             that some package has redefined \expanded.
(etexcmds)             In the latter case, load this package earlier.
Package: kvsetkeys 2016/05/16 v1.17 Key value parser (HO)
Package: kvdefinekeys 2016/05/16 v1.4 Define keys (HO)
Package: pdftexcmds 2018/01/30 v0.27 Utility functions of pdfTeX for LuaTeX (HO
)
Package pdftexcmds Info: LuaTeX not detected.
Package pdftexcmds Info: \pdf@primitive is available.
Package pdftexcmds Info: \pdf@ifprimitive is available.
Package pdftexcmds Info: \pdfdraftmode found.
Package: pdfescape 2016/05/16 v1.14 Implements pdfTeX's escape features (HO)
Package: bigintcalc 2016/05/16 v1.4 Expandable calculations on big integers (HO
)
Package: bitset 2016/05/16 v1.2 Handle bit-vector datatype (HO)
Package: uniquecounter 2016/05/16 v1.3 Provide unlimited unique counter (HO)
)
Package hobsub Info: Skipping package `hobsub' (already loaded).
Package: letltxmacro 2016/05/16 v1.5 Let assignment for LaTeX macros (HO)
Package: hopatch 2016/05/16 v1.3 Wrapper for package hooks (HO)
Package: xcolor-patch 2016/05/16 xcolor patch
Package: atveryend 2016/05/16 v1.9 Hooks at the very end of document (HO)
Package atveryend Info: \enddocument detected (standard20110627).
Package: atbegshi 2016/06/09 v1.18 At begin shipout hook (HO)
Package: refcount 2016/05/16 v3.5 Data extraction from label references (HO)
Package: hycolor 2016/05/16 v1.8 Color options for hyperref/bookmark (HO)
) (/home/iotsys3/.miktex/texmfs/install/tex/generic/ifxetex/ifxetex.sty
Package: ifxetex 2010/09/12 v0.6 Provides ifxetex conditional
)
(/home/iotsys3/.miktex/texmfs/install/tex/latex/oberdiek/auxhook.sty
Package: auxhook 2016/05/16 v1.4 Hooks for auxiliary files (HO)
)
(/home/iotsys3/.miktex/texmfs/install/tex/latex/oberdiek/kvoptions.sty
Package: kvoptions 2016/05/16 v3.12 Key value format for package options (HO)
)
\@linkdim=\dimen131
\Hy@linkcounter=\count124
\Hy@pagecounter=\count125

(/home/iotsys3/.miktex/texmfs/install/tex/latex/hyperref/pd1enc.def
File: pd1enc.def 2018/02/06 v6.86b Hyperref: PDFDocEncoding definition (HO)
Now handling font encoding PD1 ...
... no UTF-8 mapping file for font encoding PD1
)
\Hy@SavedSpaceFactor=\count126

(/home/iotsys3/.miktex/texmfs/install/tex/latex/00miktex/hyperref.cfg
File: hyperref.cfg 2002/06/06 v1.2 hyperref configuration of TeXLive
)
Package hyperref Info: Hyper figures OFF on input line 4509.
Package hyperref Info: Link nesting OFF on input line 4514.
Package hyperref Info: Hyper index ON on input line 4517.
Package hyperref Info: Plain pages OFF on input line 4524.
Package hyperref Info: Backreferencing OFF on input line 4529.
Package hyperref Info: Implicit mode ON; LaTeX internals redefined.
Package hyperref Info: Bookmarks ON on input line 4762.
\c@Hy@tempcnt=\count127

(/home/iotsys3/.miktex/texmfs/install/tex/latex/url/url.sty
\Urlmuskip=\muskip11
Package: url 2013/09/16  ver 3.4  Verb mode for urls, etc.
)
LaTeX Info: Redefining \url on input line 5115.
\XeTeXLinkMargin=\dimen132
\Fld@menulength=\count128
\Field@Width=\dimen133
\Fld@charsize=\dimen134
Package hyperref Info: Hyper figures OFF on input line 6369.
Package hyperref Info: Link nesting OFF on input line 6374.
Package hyperref Info: Hyper index ON on input line 6377.
Package hyperref Info: backreferencing OFF on input line 6384.
Package hyperref Info: Link coloring OFF on input line 6389.
Package hyperref Info: Link coloring with OCG OFF on input line 6394.
Package hyperref Info: PDF/A mode OFF on input line 6399.
LaTeX Info: Redefining \ref on input line 6439.
LaTeX Info: Redefining \pageref on input line 6443.
\Hy@abspage=\count129
\c@Item=\count130
\c@Hfootnote=\count131
)
Package hyperref Info: Driver (autodetected): hpdftex.

(/home/iotsys3/.miktex/texmfs/install/tex/latex/hyperref/hpdftex.def
File: hpdftex.def 2018/02/06 v6.86b Hyperref driver for pdfTeX
\Fld@listcount=\count132
\c@bookmark@seq@number=\count133

(/home/iotsys3/.miktex/texmfs/install/tex/latex/oberdiek/rerunfilecheck.sty
Package: rerunfilecheck 2016/05/16 v1.8 Rerun checks for auxiliary files (HO)
Package uniquecounter Info: New unique counter `rerunfilecheck' on input line 2
82.
)
\Hy@SectionHShift=\skip52
)
Package hyperref Info: Option `colorlinks' set `true' on input line 50.


Package hyperref Warning: Option `bookmarks' has already been used,
(hyperref)                setting the option has no effect on input line 50.

(report.aux)
\openout1 = `report.aux'.

LaTeX Font Info:    Checking defaults for OML/cmm/m/it on input line 59.
LaTeX Font Info:    ... okay on input line 59.
LaTeX Font Info:    Checking defaults for T1/cmr/m/n on input line 59.
LaTeX Font Info:    ... okay on input line 59.
LaTeX Font Info:    Checking defaults for OT1/cmr/m/n on input line 59.
LaTeX Font Info:    ... okay on input line 59.
LaTeX Font Info:    Checking defaults for OMS/cmsy/m/n on input line 59.
LaTeX Font Info:    ... okay on input line 59.
LaTeX Font Info:    Checking defaults for OMX/cmex/m/n on input line 59.
LaTeX Font Info:    ... okay on input line 59.
LaTeX Font Info:    Checking defaults for U/cmr/m/n on input line 59.
LaTeX Font Info:    ... okay on input line 59.
LaTeX Font Info:    Checking defaults for PD1/pdf/m/n on input line 59.
LaTeX Font Info:    ... okay on input line 59.

(/home/iotsys3/.miktex/texmfs/install/tex/context/base/supp-pdf.mkii
[Loading MPS to PDF converter (version 2006.09.02).]
\scratchcounter=\count134
\scratchdimen=\dimen135
\scratchbox=\box37
\nofMPsegments=\count135
\nofMParguments=\count136
\everyMPshowfont=\toks29
\MPscratchCnt=\count137
\MPscratchDim=\dimen136
\MPnumerator=\count138
\makeMPintoPDFobject=\count139
\everyMPtoPDFconversion=\toks30
) (/home/iotsys3/.miktex/texmfs/install/tex/latex/oberdiek/epstopdf-base.sty
Package: epstopdf-base 2016/05/15 v2.6 Base part for package epstopdf

(/home/iotsys3/.miktex/texmfs/install/tex/latex/oberdiek/grfext.sty
Package: grfext 2016/05/16 v1.2 Manage graphics extensions (HO)
)
Package epstopdf-base Info: Redefining graphics rule for `.eps' on input line 4
38.
Package grfext Info: Graphics extension search list:
(grfext)             [.pdf,.png,.jpg,.mps,.jpeg,.jbig2,.jb2,.PDF,.PNG,.JPG,.JPE
G,.JBIG2,.JB2,.eps]
(grfext)             \AppendGraphicsExtensions on input line 456.
)
\c@lstlisting=\count140
\AtBeginShipoutBox=\box38
Package hyperref Info: Link coloring ON on input line 59.

(/home/iotsys3/.miktex/texmfs/install/tex/latex/hyperref/nameref.sty
Package: nameref 2016/05/21 v2.44 Cross-referencing by name of section

(/home/iotsys3/.miktex/texmfs/install/tex/generic/oberdiek/gettitlestring.sty
Package: gettitlestring 2016/05/16 v1.5 Cleanup title references (HO)
)
\c@section@level=\count141
)
LaTeX Info: Redefining \ref on input line 59.
LaTeX Info: Redefining \pageref on input line 59.
LaTeX Info: Redefining \nameref on input line 59.
(report.out) (report.out)
\@outlinefile=\write3
\openout3 = `report.out'.

<./images/bits_logo.png, id=91, 604.2575pt x 604.2575pt>
File: ./images/bits_logo.png Graphic file (type png)
<use ./images/bits_logo.png>
Package pdftex.def Info: ./images/bits_logo.png  used on input line 96.
(pdftex.def)             Requested size: 60.42929pt x 60.42929pt.
 [1

{/home/iotsys3/.miktex/texmfs/data/pdftex/config/pdftex.map} <./images/bits_log
o.png>]
Overfull \hbox (10.97173pt too wide) in paragraph at lines 117--119
\OT1/cmr/m/n/10 SHRIVASTAVA for this project, for their constant guidance, inva
luable suggestions
 []

[2]
File: ./images/bits_logo.png Graphic file (type png)
<use ./images/bits_logo.png>
Package pdftex.def Info: ./images/bits_logo.png  used on input line 131.
(pdftex.def)             Requested size: 60.42929pt x 60.42929pt.
 [3] (report.toc)
\tf@toc=\write4
\openout4 = `report.toc'.

 [4

] (report.lof)
\tf@lof=\write5
\openout5 = `report.lof'.

 [5

] (report.lot)
\tf@lot=\write6
\openout6 = `report.lot'.

 [6

] (report.lol)
\tf@lol=\write7
\openout7 = `report.lol'.


[7

]
Chapter 1.
pdfTeX warning (ext4): destination with the same identifier (name{page.1}) has 
been already used, duplicate ignored
<to be read again> 
                   \relax 
l.228 
       [1

]pdfTeX warning (ext4): destination with the same identifier (name{page.2}) has
 been already used, duplicate ignored
<to be read again> 
                   \relax 
l.243 \chapter
              {Analysis and Design of IDS using Honeypots} [2]
Chapter 2.

Overfull \hbox (9.91731pt too wide) in paragraph at lines 267--268
\OT1/cmr/m/n/10 provides visualization capabilities on top of the content index
ed on an Elasticsearch
 []

pdfTeX warning (ext4): destination with the same identifier (name{page.3}) has 
been already used, duplicate ignored
<to be read again> 
                   \relax 
l.274 \paragraph
                {} [3

]
Overfull \hbox (4.16628pt too wide) in paragraph at lines 294--295
 [][] \OT1/cmr/m/n/10 Medium-interaction honeypots might more fully implement t
he HTTP protocol
 []

pdfTeX warning (ext4): destination with the same identifier (name{page.4}) has 
been already used, duplicate ignored
<to be read again> 
                   \relax 
l.299 \paragraph
                {} [4]

LaTeX Warning: `!h' float specifier changed to `!ht'.

pdfTeX warning (ext4): destination with the same identifier (name{page.5}) has 
been already used, duplicate ignored
<to be read again> 
                   \relax 
l.363 
       [5]
<./images/Elastic_Search_Installation.png, id=295, 518.93875pt x 285.065pt>
File: ./images/Elastic_Search_Installation.png Graphic file (type png)
<use ./images/Elastic_Search_Installation.png>
Package pdftex.def Info: ./images/Elastic_Search_Installation.png  used on inpu
t line 388.
(pdftex.def)             Requested size: 363.25465pt x 199.54413pt.

Overfull \hbox (18.25465pt too wide) in paragraph at lines 388--389
 [][] 
 []

pdfTeX warning (ext4): destination with the same identifier (name{page.6}) has 
been already used, duplicate ignored
<to be read again> 
                   \relax 
l.389 \end{figure}
                   [6]
<./images/Kibana_Installation.png, id=308, 1862.96pt x 1061.9675pt>
File: ./images/Kibana_Installation.png Graphic file (type png)
<use ./images/Kibana_Installation.png>
Package pdftex.def Info: ./images/Kibana_Installation.png  used on input line 4
21.
(pdftex.def)             Requested size: 409.85248pt x 233.63356pt.

Overfull \hbox (64.85248pt too wide) in paragraph at lines 421--422
 [][] 
 []

pdfTeX warning (ext4): destination with the same identifier (name{page.7}) has 
been already used, duplicate ignored
<to be read again> 
                   \relax 
l.423 
       [7 <./images/Elastic_Search_Installation.png>]
Overfull \hbox (0.5199pt too wide) in paragraph at lines 434--435
[]\OT1/cmr/m/it/10 iotsys3@iotsys3-Precision-Tower-3420:[] sudo apt-get install
 git python-virtualenv
 []


Overfull \hbox (48.67651pt too wide) in paragraph at lines 441--443
[]\OT1/cmr/m/it/10 iotsys3@iotsys3-Precision-Tower-3420:[] git clone http://git
hub.com/micheloosterhof/cowrie 
 []

[8 <./images/Kibana_Installation.png>]
Overfull \hbox (3.02644pt too wide) in paragraph at lines 453--454
 [][] \OT1/cmr/m/n/10 In the same folder, create a copy of \OT1/cmr/m/it/10 cow
rie.cfg.dist \OT1/cmr/m/n/10 and modify the file according
 []

<./images/Working_Model.png, id=329, 592.2125pt x 861.2175pt>
File: ./images/Working_Model.png Graphic file (type png)
<use ./images/Working_Model.png>
Package pdftex.def Info: ./images/Working_Model.png  used on input line 469.
(pdftex.def)             Requested size: 325.71788pt x 473.67108pt.
[9]
<./images/Monitoring_System.png, id=339, 670.505pt x 455.7025pt>
File: ./images/Monitoring_System.png Graphic file (type png)
<use ./images/Monitoring_System.png>
Package pdftex.def Info: ./images/Monitoring_System.png  used on input line 477
.
(pdftex.def)             Requested size: 368.7789pt x 250.63713pt.

Overfull \hbox (23.7789pt too wide) in paragraph at lines 477--478
 [][] 
 []

[10 <./images/Working_Model.png>]
(/home/iotsys3/.miktex/texmfs/install/tex/latex/listings/lstlang1.sty
File: lstlang1.sty 2015/06/04 1.6 listings language file
)
(cowrie.conf
LaTeX Font Info:    Try loading font information for OMS+cmr on input line 1.
 (/home/iotsys3/.miktex/texmfs/install/tex/latex/base/omscmr.fd
File: omscmr.fd 2014/09/29 v2.5h Standard LaTeX font definitions
)
LaTeX Font Info:    Font shape `OMS/cmr/m/n' in size <8> not available
(Font)              Font shape `OMS/cmsy/m/n' tried instead on input line 1.
LaTeX Font Info:    Try loading font information for OML+cmr on input line 3.

(/home/iotsys3/.miktex/texmfs/install/tex/latex/base/omlcmr.fd
File: omlcmr.fd 2014/09/29 v2.5h Standard LaTeX font definitions
)
LaTeX Font Info:    Font shape `OML/cmr/m/n' in size <8> not available
(Font)              Font shape `OML/cmm/m/it' tried instead on input line 3.
 [11 <./images/Monitoring_System.png>]) [12]
<./images/Daily_Attacks_Count.png, id=418, 1654.18pt x 844.15375pt>
File: ./images/Daily_Attacks_Count.png Graphic file (type png)
<use ./images/Daily_Attacks_Count.png>
Package pdftex.def Info: ./images/Daily_Attacks_Count.png  used on input line 5
13.
(pdftex.def)             Requested size: 330.83014pt x 168.82776pt.
 [13]
<./images/Username_Histogram.png, id=434, 1317.92375pt x 839.135pt>
File: ./images/Username_Histogram.png Graphic file (type png)
<use ./images/Username_Histogram.png>
Package pdftex.def Info: ./images/Username_Histogram.png  used on input line 52
4.
(pdftex.def)             Requested size: 263.58008pt x 167.82402pt.
 [14 <./images/Daily_Attacks_Count.png> <./images/Username_Histogram.png>]
<./images/Unique_IP.png, id=443, 807.015pt x 306.14375pt>
File: ./images/Unique_IP.png Graphic file (type png)
<use ./images/Unique_IP.png>
Package pdftex.def Info: ./images/Unique_IP.png  used on input line 537.
(pdftex.def)             Requested size: 403.50652pt x 153.07149pt.

Overfull \hbox (58.50652pt too wide) in paragraph at lines 537--538
 [][] 
 []

<./images/Passwords_Pie.png, id=444, 1283.79625pt x 755.82375pt>
File: ./images/Passwords_Pie.png Graphic file (type png)
<use ./images/Passwords_Pie.png>
Package pdftex.def Info: ./images/Passwords_Pie.png  used on input line 547.
(pdftex.def)             Requested size: 372.29138pt x 219.18327pt.

Overfull \hbox (27.29138pt too wide) in paragraph at lines 547--548
 [][] 
 []

[15 <./images/Unique_IP.png> <./images/Passwords_Pie.png>]
Overfull \hbox (0.38837pt too wide) in paragraph at lines 552--553
 [][] \OT1/cmr/m/n/10 A map is also plotted against the attacks receiving from 
different contries
 []

<./images/Global_Attacks_Map.png, id=452, 1254.6875pt x 815.045pt>
File: ./images/Global_Attacks_Map.png Graphic file (type png)
<use ./images/Global_Attacks_Map.png>
Package pdftex.def Info: ./images/Global_Attacks_Map.png  used on input line 55
7.
(pdftex.def)             Requested size: 376.40915pt x 244.51538pt.

Overfull \hbox (31.40915pt too wide) in paragraph at lines 557--558
 [][] 
 []


Overfull \hbox (16.10255pt too wide) in paragraph at lines 564--565
\OT1/cmr/m/n/10 with probabilities associated to it. While exact path cannot be
 inferred, assumptions
 []

<./images/Stochastic_Process.png, id=453, 575.14874pt x 287.0725pt>
File: ./images/Stochastic_Process.png Graphic file (type png)
<use ./images/Stochastic_Process.png>
Package pdftex.def Info: ./images/Stochastic_Process.png  used on input line 56
9.
(pdftex.def)             Requested size: 402.60138pt x 200.94937pt.

Overfull \hbox (57.60138pt too wide) in paragraph at lines 569--570
 [][] 
 []

[16 <./images/Global_Attacks_Map.png>]
Overfull \hbox (11.6673pt too wide) in paragraph at lines 574--575
 [][] \OT1/cmr/m/n/10 An Intrusion Detection System is a software application w
hich regularly monitors
 []


Overfull \hbox (34.03304pt too wide) in paragraph at lines 585--597
[][] 
 []

<./images/Intrusion_Detection_System.png, id=461, 553.06625pt x 480.79625pt>
File: ./images/Intrusion_Detection_System.png Graphic file (type png)
<use ./images/Intrusion_Detection_System.png>
Package pdftex.def Info: ./images/Intrusion_Detection_System.png  used on input
 line 606.
(pdftex.def)             Requested size: 387.14374pt x 336.55507pt.

Overfull \hbox (42.14374pt too wide) in paragraph at lines 606--607
 [][] 
 []

[17 <./images/Stochastic_Process.png>]
Overfull \hbox (34.03304pt too wide) in paragraph at lines 612--628
[][] 
 []

[18 <./images/Intrusion_Detection_System.png>]
(files/12-GetMaliciousURLsFromIPsUsingVirusTotal.py
Overfull \hbox (1.40723pt too wide) in paragraph at lines 5--6
[][][][] 
 []

[19]) (files/13-AddURLsToDB.py) (files/14-SubmitURLsForScanUsingVirusTotal.py
Overfull \hbox (1.40723pt too wide) in paragraph at lines 6--7
[][][][] 
 []

[20]) (files/15-GetURLScanResults.py
Overfull \hbox (1.40723pt too wide) in paragraph at lines 7--8
[][][][] 
 []

[21]) (files/response.txt)
Overfull \hbox (34.03304pt too wide) in paragraph at lines 659--677
[][] 
 []

[22] (files/01_GetUniqueIPs.py [23]) (files/02_GetCommandsForIPs.py [24]
[25]) (files/03_getLoginAttemptsForIPs.py [26])
(files/04_GenerateLoginAttemptsCSV.py) (files/05_K-Means.py [27])
(files/06_countDOSAttacks.py [28]) [29]
Overfull \hbox (34.03304pt too wide) in paragraph at lines 734--749
[][] 
 []

(files/07_Sentiment_Analysis.py [30]) (files/08_Sentiments_K_means.py [31])
(files/09_ClassifyIPs.py [32])
Package hyperref Info: bookmark level for unknown algorithm defaults to 0 on in
put line 771.

Overfull \hbox (77.29466pt too wide) detected at line 777
[]
 []


Overfull \hbox (16.14072pt too wide) in paragraph at lines 778--779
[]$[][]$ 
 []


Underfull \hbox (badness 10000) in paragraph at lines 787--789
[]$[][]$
 []


Overfull \hbox (16.99998pt too wide) in paragraph at lines 787--789
[]$ 
 []


Overfull \hbox (28.57379pt too wide) in paragraph at lines 795--796
[] $[] [][] [][][][][]$ 
 []


Underfull \hbox (badness 10000) in paragraph at lines 802--806
[]$[][][]$
 []


Overfull \hbox (40.80858pt too wide) in paragraph at lines 802--806
[]$
 []


Overfull \hbox (16.99998pt too wide) in paragraph at lines 802--806
[]$
 []


Overfull \hbox (16.99998pt too wide) in paragraph at lines 802--806
[]$
 []


Overfull \hbox (16.99998pt too wide) in paragraph at lines 802--806
[]$ 
 []

[33]
Overfull \hbox (34.03304pt too wide) in paragraph at lines 820--833
[][] 
 []

[34] [35] (files/16_IDS.py [36]
Overfull \hbox (42.20813pt too wide) in paragraph at lines 53--54
[][][][] 
 []


Overfull \hbox (42.20813pt too wide) in paragraph at lines 55--57
[][][][] 
 []

)
<./images/IP_not_Malicious_IDS.png, id=1266, 536.0025pt x 61.22874pt>
File: ./images/IP_not_Malicious_IDS.png Graphic file (type png)
<use ./images/IP_not_Malicious_IDS.png>
Package pdftex.def Info: ./images/IP_not_Malicious_IDS.png  used on input line 
915.
(pdftex.def)             Requested size: 375.19919pt x 42.8598pt.

Overfull \hbox (30.19919pt too wide) in paragraph at lines 915--916
 [][] 
 []

<./images/IP_malicious_IDS.png, id=1267, 658.46pt x 616.3025pt>
File: ./images/IP_malicious_IDS.png Graphic file (type png)
<use ./images/IP_malicious_IDS.png>
Package pdftex.def Info: ./images/IP_malicious_IDS.png  used on input line 921.

(pdftex.def)             Requested size: 395.07906pt x 369.78435pt.

Overfull \hbox (50.07906pt too wide) in paragraph at lines 921--922
 [][] 
 []


LaTeX Warning: `!h' float specifier changed to `!ht'.

[37 <./images/IP_not_Malicious_IDS.png>] [38 <./images/IP_malicious_IDS.png>]
[39

]
Underfull \hbox (badness 1748) in paragraph at lines 1003--1004
[]\OT1/cmr/m/n/10 Privacy and Security of Cloud-Based Internet of Things (IoT) 
by
 []

Package atveryend Info: Empty hook `BeforeClearDocument' on input line 1018.
[40]
Package atveryend Info: Empty hook `AfterLastShipout' on input line 1018.
 (report.aux)
Package atveryend Info: Executing hook `AtVeryEndDocument' on input line 1018.
Package atveryend Info: Executing hook `AtEndAfterFileList' on input line 1018.

Package rerunfilecheck Info: File `report.out' has not changed.
(rerunfilecheck)             Checksum: 0BBF8961D46E58C4E0D548356CF66DD9;1404.


LaTeX Warning: Label(s) may have changed. Rerun to get cross-references right.

Package atveryend Info: Empty hook `AtVeryVeryEnd' on input line 1018.
 ) 
Here is how much of TeX's memory you used:
 10537 strings out of 495223
 151547 string characters out of 3181567
 433343 words of memory out of 3000000
 12644 multiletter control sequences out of 15000+200000
 11119 words of font info for 39 fonts, out of 3000000 for 9000
 0 hyphenation exceptions out of 8191
 29i,10n,43p,700b,2021s stack positions out of 5000i,500n,10000p,200000b,50000s
</home/iotsys3/.miktex/texmfs/install/fonts/type1/public/amsfonts/cm/cmbx10.p
fb></home/iotsys3/.miktex/texmfs/install/fonts/type1/public/amsfonts/cm/cmbx12.
pfb></home/iotsys3/.miktex/texmfs/install/fonts/type1/public/amsfonts/cm/cmbxsl
10.pfb></home/iotsys3/.miktex/texmfs/install/fonts/type1/public/amsfonts/cm/cme
x10.pfb></home/iotsys3/.miktex/texmfs/install/fonts/type1/public/amsfonts/cm/cm
mi5.pfb></home/iotsys3/.miktex/texmfs/install/fonts/type1/public/amsfonts/cm/cm
mi7.pfb></home/iotsys3/.miktex/texmfs/install/fonts/type1/public/amsfonts/cm/cm
mi8.pfb></home/iotsys3/.miktex/texmfs/install/fonts/type1/public/amsfonts/cm/cm
r10.pfb></home/iotsys3/.miktex/texmfs/install/fonts/type1/public/amsfonts/cm/cm
r5.pfb></home/iotsys3/.miktex/texmfs/install/fonts/type1/public/amsfonts/cm/cmr
7.pfb></home/iotsys3/.miktex/texmfs/install/fonts/type1/public/amsfonts/cm/cmr8
.pfb></home/iotsys3/.miktex/texmfs/install/fonts/type1/public/amsfonts/cm/cmsy1
0.pfb></home/iotsys3/.miktex/texmfs/install/fonts/type1/public/amsfonts/cm/cmsy
8.pfb></home/iotsys3/.miktex/texmfs/install/fonts/type1/public/amsfonts/cm/cmti
10.pfb></home/iotsys3/.miktex/texmfs/install/fonts/type1/public/amsfonts/cm/cmt
i7.pfb>
Output written on report.pdf (47 pages, 1749650 bytes).
PDF statistics:
 1585 PDF objects out of 1728 (max. 8388607)
 1020 named destinations out of 1200 (max. 500000)
 247 words of extra memory for PDF output out of 10000 (max. 10000000)

