\BOOKMARK [0][-]{chapter.1}{INDO-DUTCH Project}{}% 1
\BOOKMARK [1][-]{section.1.1}{Introduction}{chapter.1}% 2
\BOOKMARK [1][-]{section.1.2}{Tools}{chapter.1}% 3
\BOOKMARK [2][-]{subsection.1.2.1}{Shodan}{section.1.2}% 4
\BOOKMARK [2][-]{subsection.1.2.2}{Nmap}{section.1.2}% 5
\BOOKMARK [2][-]{subsection.1.2.3}{ZMap}{section.1.2}% 6
\BOOKMARK [2][-]{subsection.1.2.4}{Censys}{section.1.2}% 7
\BOOKMARK [2][-]{subsection.1.2.5}{Google BigQuery}{section.1.2}% 8
\BOOKMARK [0][-]{chapter.2}{Analysis and Design of IDS using Honeypots}{}% 9
\BOOKMARK [1][-]{section.2.1}{Introduction of Tools}{chapter.2}% 10
\BOOKMARK [2][-]{subsection.2.1.1}{ELK Stack}{section.2.1}% 11
\BOOKMARK [2][-]{subsection.2.1.2}{Honeypots}{section.2.1}% 12
\BOOKMARK [2][-]{subsection.2.1.3}{VirusTotal}{section.2.1}% 13
\BOOKMARK [2][-]{subsection.2.1.4}{Github}{section.2.1}% 14
\BOOKMARK [1][-]{section.2.2}{Installation of Tools}{chapter.2}% 15
\BOOKMARK [2][-]{subsection.2.2.1}{Elastic Search}{section.2.2}% 16
\BOOKMARK [2][-]{subsection.2.2.2}{Logstash}{section.2.2}% 17
\BOOKMARK [2][-]{subsection.2.2.3}{Kibana}{section.2.2}% 18
\BOOKMARK [2][-]{subsection.2.2.4}{Cowrie Honeypot}{section.2.2}% 19
\BOOKMARK [1][-]{section.2.3}{Working Model}{chapter.2}% 20
\BOOKMARK [1][-]{section.2.4}{Monitoring System}{chapter.2}% 21
\BOOKMARK [2][-]{subsection.2.4.1}{Stochastic Process}{section.2.4}% 22
\BOOKMARK [1][-]{section.2.5}{Intrusion Detection System}{chapter.2}% 23
\BOOKMARK [2][-]{subsection.2.5.1}{Malicious-URLs Table}{section.2.5}% 24
\BOOKMARK [2][-]{subsection.2.5.2}{Stats Table}{section.2.5}% 25
\BOOKMARK [1][-]{section.2.6}{Conclusion}{chapter.2}% 26
