\BOOKMARK [1][-]{section.1}{Introduction of Tools}{}% 1
\BOOKMARK [2][-]{subsection.1.1}{ELK Stack}{section.1}% 2
\BOOKMARK [3][-]{subsubsection.1.1.1}{Elastic Search}{subsection.1.1}% 3
\BOOKMARK [3][-]{subsubsection.1.1.2}{Logstash}{subsection.1.1}% 4
\BOOKMARK [3][-]{subsubsection.1.1.3}{Kibana}{subsection.1.1}% 5
\BOOKMARK [2][-]{subsection.1.2}{Honeypots}{section.1}% 6
\BOOKMARK [3][-]{subsubsection.1.2.1}{Low-interaction honeypots}{subsection.1.2}% 7
\BOOKMARK [3][-]{subsubsection.1.2.2}{Medium-interaction honeypots}{subsection.1.2}% 8
\BOOKMARK [3][-]{subsubsection.1.2.3}{High-interaction honeypots}{subsection.1.2}% 9
\BOOKMARK [3][-]{subsubsection.1.2.4}{Cowrie Honeypot}{subsection.1.2}% 10
\BOOKMARK [2][-]{subsection.1.3}{Github}{section.1}% 11
\BOOKMARK [1][-]{section.2}{Installation of Tools}{}% 12
\BOOKMARK [2][-]{subsection.2.1}{Elastic Search}{section.2}% 13
\BOOKMARK [2][-]{subsection.2.2}{Logstash}{section.2}% 14
\BOOKMARK [2][-]{subsection.2.3}{Kibana}{section.2}% 15
\BOOKMARK [2][-]{subsection.2.4}{Cowrie Honeypot}{section.2}% 16
\BOOKMARK [3][-]{subsubsection.2.4.1}{Install dependencies }{subsection.2.4}% 17
\BOOKMARK [3][-]{subsubsection.2.4.2}{Create a user account }{subsection.2.4}% 18
\BOOKMARK [3][-]{subsubsection.2.4.3}{Checkout the code }{subsection.2.4}% 19
\BOOKMARK [3][-]{subsubsection.2.4.4}{Setup Virtual Environment }{subsection.2.4}% 20
\BOOKMARK [3][-]{subsubsection.2.4.5}{Port redirection }{subsection.2.4}% 21
\BOOKMARK [3][-]{subsubsection.2.4.6}{Starting Cowrie }{subsection.2.4}% 22
\BOOKMARK [1][-]{section.3}{Monitoring System}{}% 23
\BOOKMARK [2][-]{subsection.3.1}{Stochastic Process}{section.3}% 24
\BOOKMARK [1][-]{section.4}{Conclusion}{}% 25
