This is pdfTeX, Version 3.14159265-2.6-1.40.19 (MiKTeX 2.9.6650) (preloaded format=pdflatex 2018.3.27)  19 APR 2018 11:36
entering extended mode
**./report.tex
(report.tex
LaTeX2e <2017-04-15>
Babel <3.18> and hyphenation patterns for 0 language(s) loaded.
(/home/iotsys3/.miktex/texmfs/install/tex/latex/base/article.cls
Document Class: article 2014/09/29 v1.4h Standard LaTeX document class
(/home/iotsys3/.miktex/texmfs/install/tex/latex/base/size10.clo
File: size10.clo 2014/09/29 v1.4h Standard LaTeX file (size option)
)
\c@part=\count79
\c@section=\count80
\c@subsection=\count81
\c@subsubsection=\count82
\c@paragraph=\count83
\c@subparagraph=\count84
\c@figure=\count85
\c@table=\count86
\abovecaptionskip=\skip41
\belowcaptionskip=\skip42
\bibindent=\dimen102
)
(/home/iotsys3/.miktex/texmfs/install/tex/latex/amsmath/amsmath.sty
Package: amsmath 2017/09/02 v2.17a AMS math features
\@mathmargin=\skip43

For additional information on amsmath, use the `?' option.
(/home/iotsys3/.miktex/texmfs/install/tex/latex/amsmath/amstext.sty
Package: amstext 2000/06/29 v2.01 AMS text

(/home/iotsys3/.miktex/texmfs/install/tex/latex/amsmath/amsgen.sty
File: amsgen.sty 1999/11/30 v2.0 generic functions
\@emptytoks=\toks14
\ex@=\dimen103
))
(/home/iotsys3/.miktex/texmfs/install/tex/latex/amsmath/amsbsy.sty
Package: amsbsy 1999/11/29 v1.2d Bold Symbols
\pmbraise@=\dimen104
)
(/home/iotsys3/.miktex/texmfs/install/tex/latex/amsmath/amsopn.sty
Package: amsopn 2016/03/08 v2.02 operator names
)
\inf@bad=\count87
LaTeX Info: Redefining \frac on input line 213.
\uproot@=\count88
\leftroot@=\count89
LaTeX Info: Redefining \overline on input line 375.
\classnum@=\count90
\DOTSCASE@=\count91
LaTeX Info: Redefining \ldots on input line 472.
LaTeX Info: Redefining \dots on input line 475.
LaTeX Info: Redefining \cdots on input line 596.
\Mathstrutbox@=\box26
\strutbox@=\box27
\big@size=\dimen105
LaTeX Font Info:    Redeclaring font encoding OML on input line 712.
LaTeX Font Info:    Redeclaring font encoding OMS on input line 713.
\macc@depth=\count92
\c@MaxMatrixCols=\count93
\dotsspace@=\muskip10
\c@parentequation=\count94
\dspbrk@lvl=\count95
\tag@help=\toks15
\row@=\count96
\column@=\count97
\maxfields@=\count98
\andhelp@=\toks16
\eqnshift@=\dimen106
\alignsep@=\dimen107
\tagshift@=\dimen108
\tagwidth@=\dimen109
\totwidth@=\dimen110
\lineht@=\dimen111
\@envbody=\toks17
\multlinegap=\skip44
\multlinetaggap=\skip45
\mathdisplay@stack=\toks18
LaTeX Info: Redefining \[ on input line 2817.
LaTeX Info: Redefining \] on input line 2818.
)
(/home/iotsys3/.miktex/texmfs/install/tex/latex/algorithms/algorithm.sty
Package: algorithm 2009/08/24 v0.1 Document Style `algorithm' - floating enviro
nment

(/home/iotsys3/.miktex/texmfs/install/tex/latex/float/float.sty
Package: float 2001/11/08 v1.3d Float enhancements (AL)
\c@float@type=\count99
\float@exts=\toks19
\float@box=\box28
\@float@everytoks=\toks20
\@floatcapt=\box29
)
(/home/iotsys3/.miktex/texmfs/install/tex/latex/base/ifthen.sty
Package: ifthen 2014/09/29 v1.1c Standard LaTeX ifthen package (DPC)
)
\@float@every@algorithm=\toks21
\c@algorithm=\count100
)
(/home/iotsys3/.miktex/texmfs/install/tex/latex/algorithmicx/algpseudocode.sty
Package: algpseudocode 

(/home/iotsys3/.miktex/texmfs/install/tex/latex/algorithmicx/algorithmicx.sty
Package: algorithmicx 2005/04/27 v1.2 Algorithmicx

Document Style algorithmicx 1.2 - a greatly improved `algorithmic' style
\c@ALG@line=\count101
\c@ALG@rem=\count102
\c@ALG@nested=\count103
\ALG@tlm=\skip46
\ALG@thistlm=\skip47
\c@ALG@Lnr=\count104
\c@ALG@blocknr=\count105
\c@ALG@storecount=\count106
\c@ALG@tmpcounter=\count107
\ALG@tmplength=\skip48
)
Document Style - pseudocode environments for use with the `algorithmicx' style
) (/home/iotsys3/.miktex/texmfs/install/tex/latex/graphics/graphicx.sty
Package: graphicx 2017/06/01 v1.1a Enhanced LaTeX Graphics (DPC,SPQR)

(/home/iotsys3/.miktex/texmfs/install/tex/latex/graphics/keyval.sty
Package: keyval 2014/10/28 v1.15 key=value parser (DPC)
\KV@toks@=\toks22
)
(/home/iotsys3/.miktex/texmfs/install/tex/latex/graphics/graphics.sty
Package: graphics 2017/06/25 v1.2c Standard LaTeX Graphics (DPC,SPQR)

(/home/iotsys3/.miktex/texmfs/install/tex/latex/graphics/trig.sty
Package: trig 2016/01/03 v1.10 sin cos tan (DPC)
)
(/home/iotsys3/.miktex/texmfs/install/tex/latex/graphics-cfg/graphics.cfg
File: graphics.cfg 2016/06/04 v1.11 sample graphics configuration
)
Package graphics Info: Driver file: pdftex.def on input line 99.

(/home/iotsys3/.miktex/texmfs/install/tex/latex/graphics-def/pdftex.def
File: pdftex.def 2018/01/08 v1.0l Graphics/color driver for pdftex
))
\Gin@req@height=\dimen112
\Gin@req@width=\dimen113
)
(/home/iotsys3/.miktex/texmfs/install/tex/latex/listings/listings.sty
\lst@mode=\count108
\lst@gtempboxa=\box30
\lst@token=\toks23
\lst@length=\count109
\lst@currlwidth=\dimen114
\lst@column=\count110
\lst@pos=\count111
\lst@lostspace=\dimen115
\lst@width=\dimen116
\lst@newlines=\count112
\lst@lineno=\count113
\lst@maxwidth=\dimen117

(/home/iotsys3/.miktex/texmfs/install/tex/latex/listings/lstmisc.sty
File: lstmisc.sty 2015/06/04 1.6 (Carsten Heinz)
\c@lstnumber=\count114
\lst@skipnumbers=\count115
\lst@framebox=\box31
)
(/home/iotsys3/.miktex/texmfs/install/tex/latex/listings/listings.cfg
File: listings.cfg 2015/06/04 1.6 listings configuration
))
Package: listings 2015/06/04 1.6 (Carsten Heinz)

(/home/iotsys3/.miktex/texmfs/install/tex/latex/base/inputenc.sty
Package: inputenc 2015/03/17 v1.2c Input encoding file
\inpenc@prehook=\toks24
\inpenc@posthook=\toks25

(/home/iotsys3/.miktex/texmfs/install/tex/latex/base/utf8.def
File: utf8.def 2017/01/28 v1.1t UTF-8 support for inputenc
Now handling font encoding OML ...
... no UTF-8 mapping file for font encoding OML
Now handling font encoding T1 ...
... processing UTF-8 mapping file for font encoding T1

(/home/iotsys3/.miktex/texmfs/install/tex/latex/base/t1enc.dfu
File: t1enc.dfu 2017/01/28 v1.1t UTF-8 support for inputenc
   defining Unicode char U+00A0 (decimal 160)
   defining Unicode char U+00A1 (decimal 161)
   defining Unicode char U+00A3 (decimal 163)
   defining Unicode char U+00AB (decimal 171)
   defining Unicode char U+00AD (decimal 173)
   defining Unicode char U+00BB (decimal 187)
   defining Unicode char U+00BF (decimal 191)
   defining Unicode char U+00C0 (decimal 192)
   defining Unicode char U+00C1 (decimal 193)
   defining Unicode char U+00C2 (decimal 194)
   defining Unicode char U+00C3 (decimal 195)
   defining Unicode char U+00C4 (decimal 196)
   defining Unicode char U+00C5 (decimal 197)
   defining Unicode char U+00C6 (decimal 198)
   defining Unicode char U+00C7 (decimal 199)
   defining Unicode char U+00C8 (decimal 200)
   defining Unicode char U+00C9 (decimal 201)
   defining Unicode char U+00CA (decimal 202)
   defining Unicode char U+00CB (decimal 203)
   defining Unicode char U+00CC (decimal 204)
   defining Unicode char U+00CD (decimal 205)
   defining Unicode char U+00CE (decimal 206)
   defining Unicode char U+00CF (decimal 207)
   defining Unicode char U+00D0 (decimal 208)
   defining Unicode char U+00D1 (decimal 209)
   defining Unicode char U+00D2 (decimal 210)
   defining Unicode char U+00D3 (decimal 211)
   defining Unicode char U+00D4 (decimal 212)
   defining Unicode char U+00D5 (decimal 213)
   defining Unicode char U+00D6 (decimal 214)
   defining Unicode char U+00D8 (decimal 216)
   defining Unicode char U+00D9 (decimal 217)
   defining Unicode char U+00DA (decimal 218)
   defining Unicode char U+00DB (decimal 219)
   defining Unicode char U+00DC (decimal 220)
   defining Unicode char U+00DD (decimal 221)
   defining Unicode char U+00DE (decimal 222)
   defining Unicode char U+00DF (decimal 223)
   defining Unicode char U+00E0 (decimal 224)
   defining Unicode char U+00E1 (decimal 225)
   defining Unicode char U+00E2 (decimal 226)
   defining Unicode char U+00E3 (decimal 227)
   defining Unicode char U+00E4 (decimal 228)
   defining Unicode char U+00E5 (decimal 229)
   defining Unicode char U+00E6 (decimal 230)
   defining Unicode char U+00E7 (decimal 231)
   defining Unicode char U+00E8 (decimal 232)
   defining Unicode char U+00E9 (decimal 233)
   defining Unicode char U+00EA (decimal 234)
   defining Unicode char U+00EB (decimal 235)
   defining Unicode char U+00EC (decimal 236)
   defining Unicode char U+00ED (decimal 237)
   defining Unicode char U+00EE (decimal 238)
   defining Unicode char U+00EF (decimal 239)
   defining Unicode char U+00F0 (decimal 240)
   defining Unicode char U+00F1 (decimal 241)
   defining Unicode char U+00F2 (decimal 242)
   defining Unicode char U+00F3 (decimal 243)
   defining Unicode char U+00F4 (decimal 244)
   defining Unicode char U+00F5 (decimal 245)
   defining Unicode char U+00F6 (decimal 246)
   defining Unicode char U+00F8 (decimal 248)
   defining Unicode char U+00F9 (decimal 249)
   defining Unicode char U+00FA (decimal 250)
   defining Unicode char U+00FB (decimal 251)
   defining Unicode char U+00FC (decimal 252)
   defining Unicode char U+00FD (decimal 253)
   defining Unicode char U+00FE (decimal 254)
   defining Unicode char U+00FF (decimal 255)
   defining Unicode char U+0100 (decimal 256)
   defining Unicode char U+0101 (decimal 257)
   defining Unicode char U+0102 (decimal 258)
   defining Unicode char U+0103 (decimal 259)
   defining Unicode char U+0104 (decimal 260)
   defining Unicode char U+0105 (decimal 261)
   defining Unicode char U+0106 (decimal 262)
   defining Unicode char U+0107 (decimal 263)
   defining Unicode char U+0108 (decimal 264)
   defining Unicode char U+0109 (decimal 265)
   defining Unicode char U+010A (decimal 266)
   defining Unicode char U+010B (decimal 267)
   defining Unicode char U+010C (decimal 268)
   defining Unicode char U+010D (decimal 269)
   defining Unicode char U+010E (decimal 270)
   defining Unicode char U+010F (decimal 271)
   defining Unicode char U+0110 (decimal 272)
   defining Unicode char U+0111 (decimal 273)
   defining Unicode char U+0112 (decimal 274)
   defining Unicode char U+0113 (decimal 275)
   defining Unicode char U+0114 (decimal 276)
   defining Unicode char U+0115 (decimal 277)
   defining Unicode char U+0116 (decimal 278)
   defining Unicode char U+0117 (decimal 279)
   defining Unicode char U+0118 (decimal 280)
   defining Unicode char U+0119 (decimal 281)
   defining Unicode char U+011A (decimal 282)
   defining Unicode char U+011B (decimal 283)
   defining Unicode char U+011C (decimal 284)
   defining Unicode char U+011D (decimal 285)
   defining Unicode char U+011E (decimal 286)
   defining Unicode char U+011F (decimal 287)
   defining Unicode char U+0120 (decimal 288)
   defining Unicode char U+0121 (decimal 289)
   defining Unicode char U+0122 (decimal 290)
   defining Unicode char U+0123 (decimal 291)
   defining Unicode char U+0124 (decimal 292)
   defining Unicode char U+0125 (decimal 293)
   defining Unicode char U+0128 (decimal 296)
   defining Unicode char U+0129 (decimal 297)
   defining Unicode char U+012A (decimal 298)
   defining Unicode char U+012B (decimal 299)
   defining Unicode char U+012C (decimal 300)
   defining Unicode char U+012D (decimal 301)
   defining Unicode char U+012E (decimal 302)
   defining Unicode char U+012F (decimal 303)
   defining Unicode char U+0130 (decimal 304)
   defining Unicode char U+0131 (decimal 305)
   defining Unicode char U+0132 (decimal 306)
   defining Unicode char U+0133 (decimal 307)
   defining Unicode char U+0134 (decimal 308)
   defining Unicode char U+0135 (decimal 309)
   defining Unicode char U+0136 (decimal 310)
   defining Unicode char U+0137 (decimal 311)
   defining Unicode char U+0139 (decimal 313)
   defining Unicode char U+013A (decimal 314)
   defining Unicode char U+013B (decimal 315)
   defining Unicode char U+013C (decimal 316)
   defining Unicode char U+013D (decimal 317)
   defining Unicode char U+013E (decimal 318)
   defining Unicode char U+0141 (decimal 321)
   defining Unicode char U+0142 (decimal 322)
   defining Unicode char U+0143 (decimal 323)
   defining Unicode char U+0144 (decimal 324)
   defining Unicode char U+0145 (decimal 325)
   defining Unicode char U+0146 (decimal 326)
   defining Unicode char U+0147 (decimal 327)
   defining Unicode char U+0148 (decimal 328)
   defining Unicode char U+014A (decimal 330)
   defining Unicode char U+014B (decimal 331)
   defining Unicode char U+014C (decimal 332)
   defining Unicode char U+014D (decimal 333)
   defining Unicode char U+014E (decimal 334)
   defining Unicode char U+014F (decimal 335)
   defining Unicode char U+0150 (decimal 336)
   defining Unicode char U+0151 (decimal 337)
   defining Unicode char U+0152 (decimal 338)
   defining Unicode char U+0153 (decimal 339)
   defining Unicode char U+0154 (decimal 340)
   defining Unicode char U+0155 (decimal 341)
   defining Unicode char U+0156 (decimal 342)
   defining Unicode char U+0157 (decimal 343)
   defining Unicode char U+0158 (decimal 344)
   defining Unicode char U+0159 (decimal 345)
   defining Unicode char U+015A (decimal 346)
   defining Unicode char U+015B (decimal 347)
   defining Unicode char U+015C (decimal 348)
   defining Unicode char U+015D (decimal 349)
   defining Unicode char U+015E (decimal 350)
   defining Unicode char U+015F (decimal 351)
   defining Unicode char U+0160 (decimal 352)
   defining Unicode char U+0161 (decimal 353)
   defining Unicode char U+0162 (decimal 354)
   defining Unicode char U+0163 (decimal 355)
   defining Unicode char U+0164 (decimal 356)
   defining Unicode char U+0165 (decimal 357)
   defining Unicode char U+0168 (decimal 360)
   defining Unicode char U+0169 (decimal 361)
   defining Unicode char U+016A (decimal 362)
   defining Unicode char U+016B (decimal 363)
   defining Unicode char U+016C (decimal 364)
   defining Unicode char U+016D (decimal 365)
   defining Unicode char U+016E (decimal 366)
   defining Unicode char U+016F (decimal 367)
   defining Unicode char U+0170 (decimal 368)
   defining Unicode char U+0171 (decimal 369)
   defining Unicode char U+0172 (decimal 370)
   defining Unicode char U+0173 (decimal 371)
   defining Unicode char U+0174 (decimal 372)
   defining Unicode char U+0175 (decimal 373)
   defining Unicode char U+0176 (decimal 374)
   defining Unicode char U+0177 (decimal 375)
   defining Unicode char U+0178 (decimal 376)
   defining Unicode char U+0179 (decimal 377)
   defining Unicode char U+017A (decimal 378)
   defining Unicode char U+017B (decimal 379)
   defining Unicode char U+017C (decimal 380)
   defining Unicode char U+017D (decimal 381)
   defining Unicode char U+017E (decimal 382)
   defining Unicode char U+01CD (decimal 461)
   defining Unicode char U+01CE (decimal 462)
   defining Unicode char U+01CF (decimal 463)
   defining Unicode char U+01D0 (decimal 464)
   defining Unicode char U+01D1 (decimal 465)
   defining Unicode char U+01D2 (decimal 466)
   defining Unicode char U+01D3 (decimal 467)
   defining Unicode char U+01D4 (decimal 468)
   defining Unicode char U+01E2 (decimal 482)
   defining Unicode char U+01E3 (decimal 483)
   defining Unicode char U+01E6 (decimal 486)
   defining Unicode char U+01E7 (decimal 487)
   defining Unicode char U+01E8 (decimal 488)
   defining Unicode char U+01E9 (decimal 489)
   defining Unicode char U+01EA (decimal 490)
   defining Unicode char U+01EB (decimal 491)
   defining Unicode char U+01F0 (decimal 496)
   defining Unicode char U+01F4 (decimal 500)
   defining Unicode char U+01F5 (decimal 501)
   defining Unicode char U+0218 (decimal 536)
   defining Unicode char U+0219 (decimal 537)
   defining Unicode char U+021A (decimal 538)
   defining Unicode char U+021B (decimal 539)
   defining Unicode char U+0232 (decimal 562)
   defining Unicode char U+0233 (decimal 563)
   defining Unicode char U+1E02 (decimal 7682)
   defining Unicode char U+1E03 (decimal 7683)
   defining Unicode char U+200C (decimal 8204)
   defining Unicode char U+2010 (decimal 8208)
   defining Unicode char U+2011 (decimal 8209)
   defining Unicode char U+2012 (decimal 8210)
   defining Unicode char U+2013 (decimal 8211)
   defining Unicode char U+2014 (decimal 8212)
   defining Unicode char U+2015 (decimal 8213)
   defining Unicode char U+2018 (decimal 8216)
   defining Unicode char U+2019 (decimal 8217)
   defining Unicode char U+201A (decimal 8218)
   defining Unicode char U+201C (decimal 8220)
   defining Unicode char U+201D (decimal 8221)
   defining Unicode char U+201E (decimal 8222)
   defining Unicode char U+2030 (decimal 8240)
   defining Unicode char U+2031 (decimal 8241)
   defining Unicode char U+2039 (decimal 8249)
   defining Unicode char U+203A (decimal 8250)
   defining Unicode char U+2423 (decimal 9251)
   defining Unicode char U+1E20 (decimal 7712)
   defining Unicode char U+1E21 (decimal 7713)
)
Now handling font encoding OT1 ...
... processing UTF-8 mapping file for font encoding OT1

(/home/iotsys3/.miktex/texmfs/install/tex/latex/base/ot1enc.dfu
File: ot1enc.dfu 2017/01/28 v1.1t UTF-8 support for inputenc
   defining Unicode char U+00A0 (decimal 160)
   defining Unicode char U+00A1 (decimal 161)
   defining Unicode char U+00A3 (decimal 163)
   defining Unicode char U+00AD (decimal 173)
   defining Unicode char U+00B8 (decimal 184)
   defining Unicode char U+00BF (decimal 191)
   defining Unicode char U+00C5 (decimal 197)
   defining Unicode char U+00C6 (decimal 198)
   defining Unicode char U+00D8 (decimal 216)
   defining Unicode char U+00DF (decimal 223)
   defining Unicode char U+00E6 (decimal 230)
   defining Unicode char U+00EC (decimal 236)
   defining Unicode char U+00ED (decimal 237)
   defining Unicode char U+00EE (decimal 238)
   defining Unicode char U+00EF (decimal 239)
   defining Unicode char U+00F8 (decimal 248)
   defining Unicode char U+0131 (decimal 305)
   defining Unicode char U+0141 (decimal 321)
   defining Unicode char U+0142 (decimal 322)
   defining Unicode char U+0152 (decimal 338)
   defining Unicode char U+0153 (decimal 339)
   defining Unicode char U+0174 (decimal 372)
   defining Unicode char U+0175 (decimal 373)
   defining Unicode char U+0176 (decimal 374)
   defining Unicode char U+0177 (decimal 375)
   defining Unicode char U+0218 (decimal 536)
   defining Unicode char U+0219 (decimal 537)
   defining Unicode char U+021A (decimal 538)
   defining Unicode char U+021B (decimal 539)
   defining Unicode char U+2013 (decimal 8211)
   defining Unicode char U+2014 (decimal 8212)
   defining Unicode char U+2018 (decimal 8216)
   defining Unicode char U+2019 (decimal 8217)
   defining Unicode char U+201C (decimal 8220)
   defining Unicode char U+201D (decimal 8221)
)
Now handling font encoding OMS ...
... processing UTF-8 mapping file for font encoding OMS

(/home/iotsys3/.miktex/texmfs/install/tex/latex/base/omsenc.dfu
File: omsenc.dfu 2017/01/28 v1.1t UTF-8 support for inputenc
   defining Unicode char U+00A7 (decimal 167)
   defining Unicode char U+00B6 (decimal 182)
   defining Unicode char U+00B7 (decimal 183)
   defining Unicode char U+2020 (decimal 8224)
   defining Unicode char U+2021 (decimal 8225)
   defining Unicode char U+2022 (decimal 8226)
)
Now handling font encoding OMX ...
... no UTF-8 mapping file for font encoding OMX
Now handling font encoding U ...
... no UTF-8 mapping file for font encoding U
   defining Unicode char U+00A9 (decimal 169)
   defining Unicode char U+00AA (decimal 170)
   defining Unicode char U+00AE (decimal 174)
   defining Unicode char U+00BA (decimal 186)
   defining Unicode char U+02C6 (decimal 710)
   defining Unicode char U+02DC (decimal 732)
   defining Unicode char U+200C (decimal 8204)
   defining Unicode char U+2026 (decimal 8230)
   defining Unicode char U+2122 (decimal 8482)
   defining Unicode char U+2423 (decimal 9251)
))
(/home/iotsys3/.miktex/texmfs/install/tex/latex/tools/array.sty
Package: array 2016/10/06 v2.4d Tabular extension package (FMi)
\col@sep=\dimen118
\extrarowheight=\dimen119
\NC@list=\toks26
\extratabsurround=\skip49
\backup@length=\skip50
)
(/home/iotsys3/.miktex/texmfs/install/tex/latex/tabu/tabu.sty
Package: tabu 2011/02/26 v2.8 - flexible LaTeX tabulars (FC)

(/home/iotsys3/.miktex/texmfs/install/tex/latex/varwidth/varwidth.sty
Package: varwidth 2009/03/30 ver 0.92;  Variable-width minipages
\@vwid@box=\box32
\sift@deathcycles=\count116
\@vwid@loff=\dimen120
\@vwid@roff=\dimen121
)
\c@taburow=\count117
\tabu@nbcols=\count118
\tabu@cnt=\count119
\tabu@Xcol=\count120
\tabu@alloc=\count121
\tabu@nested=\count122
\tabu@target=\dimen122
\tabu@spreadtarget=\dimen123
\tabu@naturalX=\dimen124
\tabucolX=\dimen125
\tabu@Xsum=\dimen126
\extrarowdepth=\dimen127
\abovetabulinesep=\dimen128
\belowtabulinesep=\dimen129
\tabustrutrule=\dimen130
\tabu@thebody=\toks27
\tabu@footnotes=\toks28
\tabu@box=\box33
\tabu@arstrutbox=\box34
\tabu@hleads=\box35
\tabu@vleads=\box36
\tabu@cellskip=\skip51
)
(/home/iotsys3/.miktex/texmfs/install/tex/latex/graphics/color.sty
Package: color 2016/07/10 v1.1e Standard LaTeX Color (DPC)

(/home/iotsys3/.miktex/texmfs/install/tex/latex/graphics-cfg/color.cfg
File: color.cfg 2016/01/02 v1.6 sample color configuration
)
Package color Info: Driver file: pdftex.def on input line 147.
)
(/home/iotsys3/.miktex/texmfs/install/tex/latex/hyperref/hyperref.sty
Package: hyperref 2018/02/06 v6.86b Hypertext links for LaTeX

(/home/iotsys3/.miktex/texmfs/install/tex/generic/oberdiek/hobsub-hyperref.sty
Package: hobsub-hyperref 2016/05/16 v1.14 Bundle oberdiek, subset hyperref (HO)


(/home/iotsys3/.miktex/texmfs/install/tex/generic/oberdiek/hobsub-generic.sty
Package: hobsub-generic 2016/05/16 v1.14 Bundle oberdiek, subset generic (HO)
Package: hobsub 2016/05/16 v1.14 Construct package bundles (HO)
Package: infwarerr 2016/05/16 v1.4 Providing info/warning/error messages (HO)
Package: ltxcmds 2016/05/16 v1.23 LaTeX kernel commands for general use (HO)
Package: ifluatex 2016/05/16 v1.4 Provides the ifluatex switch (HO)
Package ifluatex Info: LuaTeX not detected.
Package: ifvtex 2016/05/16 v1.6 Detect VTeX and its facilities (HO)
Package ifvtex Info: VTeX not detected.
Package: intcalc 2016/05/16 v1.2 Expandable calculations with integers (HO)
Package: ifpdf 2017/03/15 v3.2 Provides the ifpdf switch
Package: etexcmds 2016/05/16 v1.6 Avoid name clashes with e-TeX commands (HO)
Package etexcmds Info: Could not find \expanded.
(etexcmds)             That can mean that you are not using pdfTeX 1.50 or
(etexcmds)             that some package has redefined \expanded.
(etexcmds)             In the latter case, load this package earlier.
Package: kvsetkeys 2016/05/16 v1.17 Key value parser (HO)
Package: kvdefinekeys 2016/05/16 v1.4 Define keys (HO)
Package: pdftexcmds 2018/01/30 v0.27 Utility functions of pdfTeX for LuaTeX (HO
)
Package pdftexcmds Info: LuaTeX not detected.
Package pdftexcmds Info: \pdf@primitive is available.
Package pdftexcmds Info: \pdf@ifprimitive is available.
Package pdftexcmds Info: \pdfdraftmode found.
Package: pdfescape 2016/05/16 v1.14 Implements pdfTeX's escape features (HO)
Package: bigintcalc 2016/05/16 v1.4 Expandable calculations on big integers (HO
)
Package: bitset 2016/05/16 v1.2 Handle bit-vector datatype (HO)
Package: uniquecounter 2016/05/16 v1.3 Provide unlimited unique counter (HO)
)
Package hobsub Info: Skipping package `hobsub' (already loaded).
Package: letltxmacro 2016/05/16 v1.5 Let assignment for LaTeX macros (HO)
Package: hopatch 2016/05/16 v1.3 Wrapper for package hooks (HO)
Package: xcolor-patch 2016/05/16 xcolor patch
Package: atveryend 2016/05/16 v1.9 Hooks at the very end of document (HO)
Package atveryend Info: \enddocument detected (standard20110627).
Package: atbegshi 2016/06/09 v1.18 At begin shipout hook (HO)
Package: refcount 2016/05/16 v3.5 Data extraction from label references (HO)
Package: hycolor 2016/05/16 v1.8 Color options for hyperref/bookmark (HO)
) (/home/iotsys3/.miktex/texmfs/install/tex/generic/ifxetex/ifxetex.sty
Package: ifxetex 2010/09/12 v0.6 Provides ifxetex conditional
)
(/home/iotsys3/.miktex/texmfs/install/tex/latex/oberdiek/auxhook.sty
Package: auxhook 2016/05/16 v1.4 Hooks for auxiliary files (HO)
)
(/home/iotsys3/.miktex/texmfs/install/tex/latex/oberdiek/kvoptions.sty
Package: kvoptions 2016/05/16 v3.12 Key value format for package options (HO)
)
\@linkdim=\dimen131
\Hy@linkcounter=\count123
\Hy@pagecounter=\count124

(/home/iotsys3/.miktex/texmfs/install/tex/latex/hyperref/pd1enc.def
File: pd1enc.def 2018/02/06 v6.86b Hyperref: PDFDocEncoding definition (HO)
Now handling font encoding PD1 ...
... no UTF-8 mapping file for font encoding PD1
)
\Hy@SavedSpaceFactor=\count125

(/home/iotsys3/.miktex/texmfs/install/tex/latex/00miktex/hyperref.cfg
File: hyperref.cfg 2002/06/06 v1.2 hyperref configuration of TeXLive
)
Package hyperref Info: Hyper figures OFF on input line 4509.
Package hyperref Info: Link nesting OFF on input line 4514.
Package hyperref Info: Hyper index ON on input line 4517.
Package hyperref Info: Plain pages OFF on input line 4524.
Package hyperref Info: Backreferencing OFF on input line 4529.
Package hyperref Info: Implicit mode ON; LaTeX internals redefined.
Package hyperref Info: Bookmarks ON on input line 4762.
\c@Hy@tempcnt=\count126

(/home/iotsys3/.miktex/texmfs/install/tex/latex/url/url.sty
\Urlmuskip=\muskip11
Package: url 2013/09/16  ver 3.4  Verb mode for urls, etc.
)
LaTeX Info: Redefining \url on input line 5115.
\XeTeXLinkMargin=\dimen132
\Fld@menulength=\count127
\Field@Width=\dimen133
\Fld@charsize=\dimen134
Package hyperref Info: Hyper figures OFF on input line 6369.
Package hyperref Info: Link nesting OFF on input line 6374.
Package hyperref Info: Hyper index ON on input line 6377.
Package hyperref Info: backreferencing OFF on input line 6384.
Package hyperref Info: Link coloring OFF on input line 6389.
Package hyperref Info: Link coloring with OCG OFF on input line 6394.
Package hyperref Info: PDF/A mode OFF on input line 6399.
LaTeX Info: Redefining \ref on input line 6439.
LaTeX Info: Redefining \pageref on input line 6443.
\Hy@abspage=\count128
\c@Item=\count129
\c@Hfootnote=\count130
)
Package hyperref Info: Driver (autodetected): hpdftex.

(/home/iotsys3/.miktex/texmfs/install/tex/latex/hyperref/hpdftex.def
File: hpdftex.def 2018/02/06 v6.86b Hyperref driver for pdfTeX
\Fld@listcount=\count131
\c@bookmark@seq@number=\count132

(/home/iotsys3/.miktex/texmfs/install/tex/latex/oberdiek/rerunfilecheck.sty
Package: rerunfilecheck 2016/05/16 v1.8 Rerun checks for auxiliary files (HO)
Package uniquecounter Info: New unique counter `rerunfilecheck' on input line 2
82.
)
\Hy@SectionHShift=\skip52
)
(/home/iotsys3/.miktex/texmfs/install/tex/latex/pgf-pie/pgf-pie.sty
Package: pgf-pie 2011/10/02 v0.2 Some LaTeX macros for pie chart by using PGF/T
ikz package.

(/home/iotsys3/.miktex/texmfs/install/tex/latex/pgf/frontendlayer/tikz.sty
(/home/iotsys3/.miktex/texmfs/install/tex/latex/pgf/basiclayer/pgf.sty
(/home/iotsys3/.miktex/texmfs/install/tex/latex/pgf/utilities/pgfrcs.sty
(/home/iotsys3/.miktex/texmfs/install/tex/generic/pgf/utilities/pgfutil-common.
tex
\pgfutil@everybye=\toks29
\pgfutil@tempdima=\dimen135
\pgfutil@tempdimb=\dimen136

(/home/iotsys3/.miktex/texmfs/install/tex/generic/pgf/utilities/pgfutil-common-
lists.tex))
(/home/iotsys3/.miktex/texmfs/install/tex/generic/pgf/utilities/pgfutil-latex.d
ef
\pgfutil@abb=\box37
 (/home/iotsys3/.miktex/texmfs/install/tex/latex/ms/everyshi.sty
Package: everyshi 2001/05/15 v3.00 EveryShipout Package (MS)
))
(/home/iotsys3/.miktex/texmfs/install/tex/generic/pgf/utilities/pgfrcs.code.tex
Package: pgfrcs 2015/08/07 v3.0.1a (rcs-revision 1.31)
))
Package: pgf 2015/08/07 v3.0.1a (rcs-revision 1.15)
 (/home/iotsys3/.miktex/texmfs/install/tex/latex/pgf/basiclayer/pgfcore.sty
(/home/iotsys3/.miktex/texmfs/install/tex/latex/pgf/systemlayer/pgfsys.sty
(/home/iotsys3/.miktex/texmfs/install/tex/generic/pgf/systemlayer/pgfsys.code.t
ex
Package: pgfsys 2014/07/09 v3.0.1a (rcs-revision 1.48)

(/home/iotsys3/.miktex/texmfs/install/tex/generic/pgf/utilities/pgfkeys.code.te
x
\pgfkeys@pathtoks=\toks30
\pgfkeys@temptoks=\toks31

(/home/iotsys3/.miktex/texmfs/install/tex/generic/pgf/utilities/pgfkeysfiltered
.code.tex
\pgfkeys@tmptoks=\toks32
))
\pgf@x=\dimen137
\pgf@y=\dimen138
\pgf@xa=\dimen139
\pgf@ya=\dimen140
\pgf@xb=\dimen141
\pgf@yb=\dimen142
\pgf@xc=\dimen143
\pgf@yc=\dimen144
\w@pgf@writea=\write3
\r@pgf@reada=\read1
\c@pgf@counta=\count133
\c@pgf@countb=\count134
\c@pgf@countc=\count135
\c@pgf@countd=\count136
\t@pgf@toka=\toks33
\t@pgf@tokb=\toks34
\t@pgf@tokc=\toks35

(/home/iotsys3/.miktex/texmfs/install/tex/generic/pgf/systemlayer/pgf.cfg
File: pgf.cfg 2008/05/14  (rcs-revision 1.7)
)
Driver file for pgf: pgfsys-pdftex.def

(/home/iotsys3/.miktex/texmfs/install/tex/generic/pgf/systemlayer/pgfsys-pdftex
.def
File: pgfsys-pdftex.def 2014/10/11  (rcs-revision 1.35)

(/home/iotsys3/.miktex/texmfs/install/tex/generic/pgf/systemlayer/pgfsys-common
-pdf.def
File: pgfsys-common-pdf.def 2013/10/10  (rcs-revision 1.13)
)))
(/home/iotsys3/.miktex/texmfs/install/tex/generic/pgf/systemlayer/pgfsyssoftpat
h.code.tex
File: pgfsyssoftpath.code.tex 2013/09/09  (rcs-revision 1.9)
\pgfsyssoftpath@smallbuffer@items=\count137
\pgfsyssoftpath@bigbuffer@items=\count138
)
(/home/iotsys3/.miktex/texmfs/install/tex/generic/pgf/systemlayer/pgfsysprotoco
l.code.tex
File: pgfsysprotocol.code.tex 2006/10/16  (rcs-revision 1.4)
)) (/home/iotsys3/.miktex/texmfs/install/tex/latex/xcolor/xcolor.sty
Package: xcolor 2016/05/11 v2.12 LaTeX color extensions (UK)

(/home/iotsys3/.miktex/texmfs/install/tex/latex/graphics-cfg/color.cfg
File: color.cfg 2016/01/02 v1.6 sample color configuration
)
Package xcolor Info: Driver file: pdftex.def on input line 225.
LaTeX Info: Redefining \color on input line 709.
Package xcolor Info: Model `cmy' substituted by `cmy0' on input line 1348.
Package xcolor Info: Model `hsb' substituted by `rgb' on input line 1352.
Package xcolor Info: Model `RGB' extended on input line 1364.
Package xcolor Info: Model `HTML' substituted by `rgb' on input line 1366.
Package xcolor Info: Model `Hsb' substituted by `hsb' on input line 1367.
Package xcolor Info: Model `tHsb' substituted by `hsb' on input line 1368.
Package xcolor Info: Model `HSB' substituted by `hsb' on input line 1369.
Package xcolor Info: Model `Gray' substituted by `gray' on input line 1370.
Package xcolor Info: Model `wave' substituted by `hsb' on input line 1371.
)
(/home/iotsys3/.miktex/texmfs/install/tex/generic/pgf/basiclayer/pgfcore.code.t
ex
Package: pgfcore 2010/04/11 v3.0.1a (rcs-revision 1.7)
 (/home/iotsys3/.miktex/texmfs/install/tex/generic/pgf/math/pgfmath.code.tex
(/home/iotsys3/.miktex/texmfs/install/tex/generic/pgf/math/pgfmathcalc.code.tex

(/home/iotsys3/.miktex/texmfs/install/tex/generic/pgf/math/pgfmathutil.code.tex
)
(/home/iotsys3/.miktex/texmfs/install/tex/generic/pgf/math/pgfmathparser.code.t
ex
\pgfmath@dimen=\dimen145
\pgfmath@count=\count139
\pgfmath@box=\box38
\pgfmath@toks=\toks36
\pgfmath@stack@operand=\toks37
\pgfmath@stack@operation=\toks38
)
(/home/iotsys3/.miktex/texmfs/install/tex/generic/pgf/math/pgfmathfunctions.cod
e.tex
(/home/iotsys3/.miktex/texmfs/install/tex/generic/pgf/math/pgfmathfunctions.bas
ic.code.tex)
(/home/iotsys3/.miktex/texmfs/install/tex/generic/pgf/math/pgfmathfunctions.tri
gonometric.code.tex)
(/home/iotsys3/.miktex/texmfs/install/tex/generic/pgf/math/pgfmathfunctions.ran
dom.code.tex)
(/home/iotsys3/.miktex/texmfs/install/tex/generic/pgf/math/pgfmathfunctions.com
parison.code.tex)
(/home/iotsys3/.miktex/texmfs/install/tex/generic/pgf/math/pgfmathfunctions.bas
e.code.tex)
(/home/iotsys3/.miktex/texmfs/install/tex/generic/pgf/math/pgfmathfunctions.rou
nd.code.tex)
(/home/iotsys3/.miktex/texmfs/install/tex/generic/pgf/math/pgfmathfunctions.mis
c.code.tex)
(/home/iotsys3/.miktex/texmfs/install/tex/generic/pgf/math/pgfmathfunctions.int
egerarithmetics.code.tex)))
(/home/iotsys3/.miktex/texmfs/install/tex/generic/pgf/math/pgfmathfloat.code.te
x
\c@pgfmathroundto@lastzeros=\count140
))
(/home/iotsys3/.miktex/texmfs/install/tex/generic/pgf/basiclayer/pgfcorepoints.
code.tex
File: pgfcorepoints.code.tex 2013/10/07  (rcs-revision 1.27)
\pgf@picminx=\dimen146
\pgf@picmaxx=\dimen147
\pgf@picminy=\dimen148
\pgf@picmaxy=\dimen149
\pgf@pathminx=\dimen150
\pgf@pathmaxx=\dimen151
\pgf@pathminy=\dimen152
\pgf@pathmaxy=\dimen153
\pgf@xx=\dimen154
\pgf@xy=\dimen155
\pgf@yx=\dimen156
\pgf@yy=\dimen157
\pgf@zx=\dimen158
\pgf@zy=\dimen159
)
(/home/iotsys3/.miktex/texmfs/install/tex/generic/pgf/basiclayer/pgfcorepathcon
struct.code.tex
File: pgfcorepathconstruct.code.tex 2013/10/07  (rcs-revision 1.29)
\pgf@path@lastx=\dimen160
\pgf@path@lasty=\dimen161
)
(/home/iotsys3/.miktex/texmfs/install/tex/generic/pgf/basiclayer/pgfcorepathusa
ge.code.tex
File: pgfcorepathusage.code.tex 2014/11/02  (rcs-revision 1.24)
\pgf@shorten@end@additional=\dimen162
\pgf@shorten@start@additional=\dimen163
)
(/home/iotsys3/.miktex/texmfs/install/tex/generic/pgf/basiclayer/pgfcorescopes.
code.tex
File: pgfcorescopes.code.tex 2015/05/08  (rcs-revision 1.46)
\pgfpic=\box39
\pgf@hbox=\box40
\pgf@layerbox@main=\box41
\pgf@picture@serial@count=\count141
)
(/home/iotsys3/.miktex/texmfs/install/tex/generic/pgf/basiclayer/pgfcoregraphic
state.code.tex
File: pgfcoregraphicstate.code.tex 2014/11/02  (rcs-revision 1.12)
\pgflinewidth=\dimen164
)
(/home/iotsys3/.miktex/texmfs/install/tex/generic/pgf/basiclayer/pgfcoretransfo
rmations.code.tex
File: pgfcoretransformations.code.tex 2015/08/07  (rcs-revision 1.20)
\pgf@pt@x=\dimen165
\pgf@pt@y=\dimen166
\pgf@pt@temp=\dimen167
)
(/home/iotsys3/.miktex/texmfs/install/tex/generic/pgf/basiclayer/pgfcorequick.c
ode.tex
File: pgfcorequick.code.tex 2008/10/09  (rcs-revision 1.3)
)
(/home/iotsys3/.miktex/texmfs/install/tex/generic/pgf/basiclayer/pgfcoreobjects
.code.tex
File: pgfcoreobjects.code.tex 2006/10/11  (rcs-revision 1.2)
)
(/home/iotsys3/.miktex/texmfs/install/tex/generic/pgf/basiclayer/pgfcorepathpro
cessing.code.tex
File: pgfcorepathprocessing.code.tex 2013/09/09  (rcs-revision 1.9)
)
(/home/iotsys3/.miktex/texmfs/install/tex/generic/pgf/basiclayer/pgfcorearrows.
code.tex
File: pgfcorearrows.code.tex 2015/05/14  (rcs-revision 1.43)
\pgfarrowsep=\dimen168
)
(/home/iotsys3/.miktex/texmfs/install/tex/generic/pgf/basiclayer/pgfcoreshade.c
ode.tex
File: pgfcoreshade.code.tex 2013/07/15  (rcs-revision 1.15)
\pgf@max=\dimen169
\pgf@sys@shading@range@num=\count142
)
(/home/iotsys3/.miktex/texmfs/install/tex/generic/pgf/basiclayer/pgfcoreimage.c
ode.tex
File: pgfcoreimage.code.tex 2013/07/15  (rcs-revision 1.18)

(/home/iotsys3/.miktex/texmfs/install/tex/generic/pgf/basiclayer/pgfcoreexterna
l.code.tex
File: pgfcoreexternal.code.tex 2014/07/09  (rcs-revision 1.21)
\pgfexternal@startupbox=\box42
))
(/home/iotsys3/.miktex/texmfs/install/tex/generic/pgf/basiclayer/pgfcorelayers.
code.tex
File: pgfcorelayers.code.tex 2013/07/18  (rcs-revision 1.7)
)
(/home/iotsys3/.miktex/texmfs/install/tex/generic/pgf/basiclayer/pgfcoretranspa
rency.code.tex
File: pgfcoretransparency.code.tex 2013/09/30  (rcs-revision 1.5)
)
(/home/iotsys3/.miktex/texmfs/install/tex/generic/pgf/basiclayer/pgfcorepattern
s.code.tex
File: pgfcorepatterns.code.tex 2013/11/07  (rcs-revision 1.5)
)))
(/home/iotsys3/.miktex/texmfs/install/tex/generic/pgf/modules/pgfmoduleshapes.c
ode.tex
File: pgfmoduleshapes.code.tex 2014/03/21  (rcs-revision 1.35)
\pgfnodeparttextbox=\box43
)
(/home/iotsys3/.miktex/texmfs/install/tex/generic/pgf/modules/pgfmoduleplot.cod
e.tex
File: pgfmoduleplot.code.tex 2015/08/03  (rcs-revision 1.13)
)
(/home/iotsys3/.miktex/texmfs/install/tex/latex/pgf/compatibility/pgfcomp-versi
on-0-65.sty
Package: pgfcomp-version-0-65 2007/07/03 v3.0.1a (rcs-revision 1.7)
\pgf@nodesepstart=\dimen170
\pgf@nodesepend=\dimen171
)
(/home/iotsys3/.miktex/texmfs/install/tex/latex/pgf/compatibility/pgfcomp-versi
on-1-18.sty
Package: pgfcomp-version-1-18 2007/07/23 v3.0.1a (rcs-revision 1.1)
))
(/home/iotsys3/.miktex/texmfs/install/tex/latex/pgf/utilities/pgffor.sty
(/home/iotsys3/.miktex/texmfs/install/tex/latex/pgf/utilities/pgfkeys.sty
(/home/iotsys3/.miktex/texmfs/install/tex/generic/pgf/utilities/pgfkeys.code.te
x)) (/home/iotsys3/.miktex/texmfs/install/tex/latex/pgf/math/pgfmath.sty
(/home/iotsys3/.miktex/texmfs/install/tex/generic/pgf/math/pgfmath.code.tex))
(/home/iotsys3/.miktex/texmfs/install/tex/generic/pgf/utilities/pgffor.code.tex
Package: pgffor 2013/12/13 v3.0.1a (rcs-revision 1.25)
(/home/iotsys3/.miktex/texmfs/install/tex/generic/pgf/math/pgfmath.code.tex)
\pgffor@iter=\dimen172
\pgffor@skip=\dimen173
\pgffor@stack=\toks39
\pgffor@toks=\toks40
))
(/home/iotsys3/.miktex/texmfs/install/tex/generic/pgf/frontendlayer/tikz/tikz.c
ode.tex
Package: tikz 2015/08/07 v3.0.1a (rcs-revision 1.151)

(/home/iotsys3/.miktex/texmfs/install/tex/generic/pgf/libraries/pgflibraryploth
andlers.code.tex
File: pgflibraryplothandlers.code.tex 2013/08/31 v3.0.1a (rcs-revision 1.20)
\pgf@plot@mark@count=\count143
\pgfplotmarksize=\dimen174
)
\tikz@lastx=\dimen175
\tikz@lasty=\dimen176
\tikz@lastxsaved=\dimen177
\tikz@lastysaved=\dimen178
\tikzleveldistance=\dimen179
\tikzsiblingdistance=\dimen180
\tikz@figbox=\box44
\tikz@figbox@bg=\box45
\tikz@tempbox=\box46
\tikz@tempbox@bg=\box47
\tikztreelevel=\count144
\tikznumberofchildren=\count145
\tikznumberofcurrentchild=\count146
\tikz@fig@count=\count147

(/home/iotsys3/.miktex/texmfs/install/tex/generic/pgf/modules/pgfmodulematrix.c
ode.tex
File: pgfmodulematrix.code.tex 2013/09/17  (rcs-revision 1.8)
\pgfmatrixcurrentrow=\count148
\pgfmatrixcurrentcolumn=\count149
\pgf@matrix@numberofcolumns=\count150
)
\tikz@expandcount=\count151

(/home/iotsys3/.miktex/texmfs/install/tex/generic/pgf/frontendlayer/tikz/librar
ies/tikzlibrarytopaths.code.tex
File: tikzlibrarytopaths.code.tex 2008/06/17 v3.0.1a (rcs-revision 1.2)
)))
(/home/iotsys3/.miktex/texmfs/install/tex/latex/carlisle/scalefnt.sty)
\pgfpie@angleEnd=\skip53
\c@pgfpie@explodeLength=\count152
\c@pgfpie@colorLength=\count153
\c@pgfpie@sliceLength=\count154
)
(/home/iotsys3/.miktex/texmfs/install/tex/latex/pgfplots/pgfplots.sty
(/home/iotsys3/.miktex/texmfs/install/tex/generic/pgfplots/pgfplots.revision.te
x)
Package: pgfplots 2018/03/28 v1.16 Data Visualization (1.16)
 (/home/iotsys3/.miktex/texmfs/install/tex/generic/pgfplots/pgfplots.code.tex
(/home/iotsys3/.miktex/texmfs/install/tex/generic/pgfplots/pgfplotscore.code.te
x
\t@pgfplots@toka=\toks41
\t@pgfplots@tokb=\toks42
\t@pgfplots@tokc=\toks43
\pgfplots@tmpa=\dimen181
\c@pgfplots@coordindex=\count155
\c@pgfplots@scanlineindex=\count156

(/home/iotsys3/.miktex/texmfs/install/tex/generic/pgfplots/sys/pgfplotssysgener
ic.code.tex))
(/home/iotsys3/.miktex/texmfs/install/tex/generic/pgfplots/libs/pgfplotslibrary
.code.tex)
(/home/iotsys3/.miktex/texmfs/install/tex/generic/pgfplots/oldpgfcompatib/pgfpl
otsoldpgfsupp_loader.code.tex
(/home/iotsys3/.miktex/texmfs/install/tex/generic/pgf/libraries/pgflibraryfpu.c
ode.tex)
Package pgfplots: loading complementary arithmetics for your pgf version...

(/home/iotsys3/.miktex/texmfs/install/tex/generic/pgfplots/oldpgfcompatib/pgfpl
otsoldpgfsupp_pgflibraryfpu.code.tex)
(/home/iotsys3/.miktex/texmfs/install/tex/generic/pgfplots/oldpgfcompatib/pgfpl
otsoldpgfsupp_pgfmathfloat.code.tex
\c@pgfmathroundto@lastzeros=\count157
)
(/home/iotsys3/.miktex/texmfs/install/tex/generic/pgfplots/oldpgfcompatib/pgfpl
otsoldpgfsupp_leq.code.tex))
(/home/iotsys3/.miktex/texmfs/install/tex/generic/pgfplots/util/pgfplotsutil.co
de.tex
(/home/iotsys3/.miktex/texmfs/install/tex/generic/pgfplots/liststructure/pgfplo
tsliststructure.code.tex)
(/home/iotsys3/.miktex/texmfs/install/tex/generic/pgfplots/liststructure/pgfplo
tsliststructureext.code.tex)
(/home/iotsys3/.miktex/texmfs/install/tex/generic/pgfplots/liststructure/pgfplo
tsarray.code.tex
\c@pgfplotsarray@tmp=\count158
)
(/home/iotsys3/.miktex/texmfs/install/tex/generic/pgfplots/liststructure/pgfplo
tsmatrix.code.tex)
(/home/iotsys3/.miktex/texmfs/install/tex/generic/pgfplots/numtable/pgfplotstab
leshared.code.tex
\c@pgfplotstable@counta=\count159
\t@pgfplotstable@a=\toks44
)
(/home/iotsys3/.miktex/texmfs/install/tex/generic/pgfplots/liststructure/pgfplo
tsdeque.code.tex)
(/home/iotsys3/.miktex/texmfs/install/tex/generic/pgfplots/util/pgfplotsbinary.
code.tex
(/home/iotsys3/.miktex/texmfs/install/tex/generic/pgfplots/util/pgfplotsbinary.
data.code.tex))
(/home/iotsys3/.miktex/texmfs/install/tex/generic/pgfplots/util/pgfplotsutil.ve
rb.code.tex)
(/home/iotsys3/.miktex/texmfs/install/tex/generic/pgfplots/libs/pgflibrarypgfpl
ots.surfshading.code.tex
\c@pgfplotslibrarysurf@no=\count160

(/home/iotsys3/.miktex/texmfs/install/tex/generic/pgfplots/sys/pgflibrarypgfplo
ts.surfshading.pgfsys-pdftex.def)))
(/home/iotsys3/.miktex/texmfs/install/tex/generic/pgfplots/util/pgfplotscolorma
p.code.tex
(/home/iotsys3/.miktex/texmfs/install/tex/generic/pgfplots/util/pgfplotscolor.c
ode.tex))
(/home/iotsys3/.miktex/texmfs/install/tex/generic/pgfplots/pgfplotsstackedplots
.code.tex)
(/home/iotsys3/.miktex/texmfs/install/tex/generic/pgfplots/pgfplotsplothandlers
.code.tex
(/home/iotsys3/.miktex/texmfs/install/tex/generic/pgfplots/pgfplotsmeshplothand
ler.code.tex
(/home/iotsys3/.miktex/texmfs/install/tex/generic/pgfplots/pgfplotsmeshplotimag
e.code.tex)))
(/home/iotsys3/.miktex/texmfs/install/tex/generic/pgfplots/pgfplots.scaling.cod
e.tex)
(/home/iotsys3/.miktex/texmfs/install/tex/generic/pgfplots/pgfplotscoordprocess
ing.code.tex)
(/home/iotsys3/.miktex/texmfs/install/tex/generic/pgfplots/pgfplots.errorbars.c
ode.tex)
(/home/iotsys3/.miktex/texmfs/install/tex/generic/pgfplots/pgfplots.markers.cod
e.tex)
(/home/iotsys3/.miktex/texmfs/install/tex/generic/pgfplots/pgfplotsticks.code.t
ex)
(/home/iotsys3/.miktex/texmfs/install/tex/generic/pgfplots/pgfplots.paths.code.
tex)
(/home/iotsys3/.miktex/texmfs/install/tex/generic/pgf/frontendlayer/tikz/librar
ies/tikzlibrarydecorations.code.tex
(/home/iotsys3/.miktex/texmfs/install/tex/generic/pgf/modules/pgfmoduledecorati
ons.code.tex
\pgfdecoratedcompleteddistance=\dimen182
\pgfdecoratedremainingdistance=\dimen183
\pgfdecoratedinputsegmentcompleteddistance=\dimen184
\pgfdecoratedinputsegmentremainingdistance=\dimen185
\pgf@decorate@distancetomove=\dimen186
\pgf@decorate@repeatstate=\count161
\pgfdecorationsegmentamplitude=\dimen187
\pgfdecorationsegmentlength=\dimen188
)
\tikz@lib@dec@box=\box48
)
(/home/iotsys3/.miktex/texmfs/install/tex/generic/pgf/frontendlayer/tikz/librar
ies/tikzlibrarydecorations.pathmorphing.code.tex
(/home/iotsys3/.miktex/texmfs/install/tex/generic/pgf/libraries/decorations/pgf
librarydecorations.pathmorphing.code.tex))
(/home/iotsys3/.miktex/texmfs/install/tex/generic/pgf/frontendlayer/tikz/librar
ies/tikzlibrarydecorations.pathreplacing.code.tex
(/home/iotsys3/.miktex/texmfs/install/tex/generic/pgf/libraries/decorations/pgf
librarydecorations.pathreplacing.code.tex))
\pgfplots@numplots=\count162
\pgfplots@xmin@reg=\dimen189
\pgfplots@xmax@reg=\dimen190
\pgfplots@ymin@reg=\dimen191
\pgfplots@ymax@reg=\dimen192
\pgfplots@zmin@reg=\dimen193
\pgfplots@zmax@reg=\dimen194
)
(/home/iotsys3/.miktex/texmfs/install/tex/generic/pgf/frontendlayer/tikz/librar
ies/tikzlibraryplotmarks.code.tex
File: tikzlibraryplotmarks.code.tex 2008/01/09 v3.0.1a (rcs-revision 1.1)

(/home/iotsys3/.miktex/texmfs/install/tex/generic/pgf/libraries/pgflibraryplotm
arks.code.tex
File: pgflibraryplotmarks.code.tex 2015/08/03 v3.0.1a (rcs-revision 1.14)
)))
(/home/iotsys3/.miktex/texmfs/install/tex/latex/filecontents/filecontents.sty
Package: filecontents 2011/10/08 v1.3 Create an external file from within a LaT
eX document
)
Package hyperref Info: Option `colorlinks' set `true' on input line 53.


Package hyperref Warning: Option `bookmarks' has already been used,
(hyperref)                setting the option has no effect on input line 53.

(report.aux)
\openout1 = `report.aux'.

LaTeX Font Info:    Checking defaults for OML/cmm/m/it on input line 62.
LaTeX Font Info:    ... okay on input line 62.
LaTeX Font Info:    Checking defaults for T1/cmr/m/n on input line 62.
LaTeX Font Info:    ... okay on input line 62.
LaTeX Font Info:    Checking defaults for OT1/cmr/m/n on input line 62.
LaTeX Font Info:    ... okay on input line 62.
LaTeX Font Info:    Checking defaults for OMS/cmsy/m/n on input line 62.
LaTeX Font Info:    ... okay on input line 62.
LaTeX Font Info:    Checking defaults for OMX/cmex/m/n on input line 62.
LaTeX Font Info:    ... okay on input line 62.
LaTeX Font Info:    Checking defaults for U/cmr/m/n on input line 62.
LaTeX Font Info:    ... okay on input line 62.
LaTeX Font Info:    Checking defaults for PD1/pdf/m/n on input line 62.
LaTeX Font Info:    ... okay on input line 62.

(/home/iotsys3/.miktex/texmfs/install/tex/context/base/supp-pdf.mkii
[Loading MPS to PDF converter (version 2006.09.02).]
\scratchcounter=\count163
\scratchdimen=\dimen195
\scratchbox=\box49
\nofMPsegments=\count164
\nofMParguments=\count165
\everyMPshowfont=\toks45
\MPscratchCnt=\count166
\MPscratchDim=\dimen196
\MPnumerator=\count167
\makeMPintoPDFobject=\count168
\everyMPtoPDFconversion=\toks46
) (/home/iotsys3/.miktex/texmfs/install/tex/latex/oberdiek/epstopdf-base.sty
Package: epstopdf-base 2016/05/15 v2.6 Base part for package epstopdf

(/home/iotsys3/.miktex/texmfs/install/tex/latex/oberdiek/grfext.sty
Package: grfext 2016/05/16 v1.2 Manage graphics extensions (HO)
)
Package epstopdf-base Info: Redefining graphics rule for `.eps' on input line 4
38.
Package grfext Info: Graphics extension search list:
(grfext)             [.pdf,.png,.jpg,.mps,.jpeg,.jbig2,.jb2,.PDF,.PNG,.JPG,.JPE
G,.JBIG2,.JB2,.eps]
(grfext)             \AppendGraphicsExtensions on input line 456.
)
\c@lstlisting=\count169
\AtBeginShipoutBox=\box50
Package hyperref Info: Link coloring ON on input line 62.

(/home/iotsys3/.miktex/texmfs/install/tex/latex/hyperref/nameref.sty
Package: nameref 2016/05/21 v2.44 Cross-referencing by name of section

(/home/iotsys3/.miktex/texmfs/install/tex/generic/oberdiek/gettitlestring.sty
Package: gettitlestring 2016/05/16 v1.5 Cleanup title references (HO)
)
\c@section@level=\count170
)
LaTeX Info: Redefining \ref on input line 62.
LaTeX Info: Redefining \pageref on input line 62.
LaTeX Info: Redefining \nameref on input line 62.
(report.out) (report.out)
\@outlinefile=\write4
\openout4 = `report.out'.

 ABD: EveryShipout initializing macros

Package pgfplots Warning: running in backwards compatibility mode (unsuitable t
ick labels; missing features). Consider writing \pgfplotsset{compat=1.16} into 
your preamble.
 on input line 62.

<./images/bits_logo.png, id=106, 604.2575pt x 604.2575pt>
File: ./images/bits_logo.png Graphic file (type png)
<use ./images/bits_logo.png>
Package pdftex.def Info: ./images/bits_logo.png  used on input line 99.
(pdftex.def)             Requested size: 60.42929pt x 60.42929pt.
[1

{/home/iotsys3/.miktex/texmfs/data/pdftex/config/pdftex.map} <./images/bits_log
o.png>]
Overfull \hbox (18.63852pt too wide) in paragraph at lines 120--122
\OT1/cmr/m/n/10 at BITS Pilani ,Hyderabad Campus for her constant guidance, inv
aluable suggestions
 []

[2]
File: ./images/bits_logo.png Graphic file (type png)
<use ./images/bits_logo.png>
Package pdftex.def Info: ./images/bits_logo.png  used on input line 134.
(pdftex.def)             Requested size: 60.42929pt x 60.42929pt.
 [3] (report.toc)
\tf@toc=\write5
\openout5 = `report.toc'.

 (report.lof)
\tf@lof=\write6
\openout6 = `report.lof'.

 [4]
Overfull \hbox (9.91731pt too wide) in paragraph at lines 220--221
\OT1/cmr/m/n/10 provides visualization capabilities on top of the content index
ed on an Elasticsearch
 []

pdfTeX warning (ext4): destination with the same identifier (name{page.1}) has 
been already used, duplicate ignored
<to be read again> 
                   \relax 
l.242 \paragraph
                {} [1]
Overfull \hbox (4.16628pt too wide) in paragraph at lines 247--248
 [][] \OT1/cmr/m/n/10 Medium-interaction honeypots might more fully implement t
he HTTP protocol
 []

pdfTeX warning (ext4): destination with the same identifier (name{page.2}) has 
been already used, duplicate ignored
<to be read again> 
                   \relax 
l.261 \item F
             ake filesystem with the ability to add/remove files. A full fak...
[2]
<./images/Elastic_Search_Installation.png, id=210, 518.93875pt x 285.065pt>
File: ./images/Elastic_Search_Installation.png Graphic file (type png)
<use ./images/Elastic_Search_Installation.png>
Package pdftex.def Info: ./images/Elastic_Search_Installation.png  used on inpu
t line 295.
(pdftex.def)             Requested size: 363.25465pt x 199.54413pt.

Overfull \hbox (18.25465pt too wide) in paragraph at lines 295--296
 [][] 
 []

pdfTeX warning (ext4): destination with the same identifier (name{page.3}) has 
been already used, duplicate ignored
<to be read again> 
                   \relax 
l.297 
       [3]
<./images/Kibana_Installation.png, id=227, 1862.96pt x 1061.9675pt>
File: ./images/Kibana_Installation.png Graphic file (type png)
<use ./images/Kibana_Installation.png>
Package pdftex.def Info: ./images/Kibana_Installation.png  used on input line 3
28.
(pdftex.def)             Requested size: 409.85248pt x 233.63356pt.

Overfull \hbox (64.85248pt too wide) in paragraph at lines 328--329
 [][] 
 []

pdfTeX warning (ext4): destination with the same identifier (name{page.4}) has 
been already used, duplicate ignored
<to be read again> 
                   \relax 
l.330 
       [4 <./images/Elastic_Search_Installation.png>]
Overfull \hbox (0.5199pt too wide) in paragraph at lines 341--342
[]\OT1/cmr/m/it/10 iotsys3@iotsys3-Precision-Tower-3420:[] sudo apt-get install
 git python-virtualenv
 []


Overfull \hbox (48.67651pt too wide) in paragraph at lines 348--350
[]\OT1/cmr/m/it/10 iotsys3@iotsys3-Precision-Tower-3420:[] git clone http://git
hub.com/micheloosterhof/cowrie 
 []

[5 <./images/Kibana_Installation.png>]
Overfull \hbox (3.02644pt too wide) in paragraph at lines 360--361
 [][] \OT1/cmr/m/n/10 In the same folder, create a copy of \OT1/cmr/m/it/10 cow
rie.cfg.dist \OT1/cmr/m/n/10 and modify the file according
 []

<./images/Monitoring_System.png, id=244, 670.505pt x 455.7025pt>
File: ./images/Monitoring_System.png Graphic file (type png)
<use ./images/Monitoring_System.png>
Package pdftex.def Info: ./images/Monitoring_System.png  used on input line 374
.
(pdftex.def)             Requested size: 368.7789pt x 250.63713pt.

Overfull \hbox (23.7789pt too wide) in paragraph at lines 374--375
 [][] 
 []

[6 <./images/Monitoring_System.png>]
(/home/iotsys3/.miktex/texmfs/install/tex/latex/listings/lstlang1.sty
File: lstlang1.sty 2015/06/04 1.6 listings language file
)
(cowrie.conf
LaTeX Font Info:    Try loading font information for OMS+cmr on input line 1.
 (/home/iotsys3/.miktex/texmfs/install/tex/latex/base/omscmr.fd
File: omscmr.fd 2014/09/29 v2.5h Standard LaTeX font definitions
)
LaTeX Font Info:    Font shape `OMS/cmr/m/n' in size <8> not available
(Font)              Font shape `OMS/cmsy/m/n' tried instead on input line 1.
LaTeX Font Info:    Try loading font information for OML+cmr on input line 3.

(/home/iotsys3/.miktex/texmfs/install/tex/latex/base/omlcmr.fd
File: omlcmr.fd 2014/09/29 v2.5h Standard LaTeX font definitions
)
LaTeX Font Info:    Font shape `OML/cmr/m/n' in size <8> not available
(Font)              Font shape `OML/cmm/m/it' tried instead on input line 3.
 [7]) [8]
<./images/Daily_Attacks_Count.png, id=333, 1654.18pt x 844.15375pt>
File: ./images/Daily_Attacks_Count.png Graphic file (type png)
<use ./images/Daily_Attacks_Count.png>
Package pdftex.def Info: ./images/Daily_Attacks_Count.png  used on input line 4
10.
(pdftex.def)             Requested size: 330.83014pt x 168.82776pt.
<./images/Username_Histogram.png, id=334, 1317.92375pt x 839.135pt>
File: ./images/Username_Histogram.png Graphic file (type png)
<use ./images/Username_Histogram.png>
Package pdftex.def Info: ./images/Username_Histogram.png  used on input line 42
1.
(pdftex.def)             Requested size: 263.58008pt x 167.82402pt.

[9 <./images/Daily_Attacks_Count.png> <./images/Username_Histogram.png>]
<./images/Unique_IP.png, id=345, 807.015pt x 306.14375pt>
File: ./images/Unique_IP.png Graphic file (type png)
<use ./images/Unique_IP.png>
Package pdftex.def Info: ./images/Unique_IP.png  used on input line 436.
(pdftex.def)             Requested size: 403.50652pt x 153.07149pt.

Overfull \hbox (58.50652pt too wide) in paragraph at lines 436--437
 [][] 
 []

Missing character: There is no b in font nullfont!
Missing character: There is no l in font nullfont!
Missing character: There is no u in font nullfont!
Missing character: There is no e in font nullfont!
Missing character: There is no ! in font nullfont!
Missing character: There is no 6 in font nullfont!
Missing character: There is no 0 in font nullfont!
Missing character: There is no c in font nullfont!
Missing character: There is no y in font nullfont!
Missing character: There is no a in font nullfont!
Missing character: There is no n in font nullfont!
Missing character: There is no ! in font nullfont!
Missing character: There is no 6 in font nullfont!
Missing character: There is no 0 in font nullfont!
Missing character: There is no y in font nullfont!
Missing character: There is no e in font nullfont!
Missing character: There is no l in font nullfont!
Missing character: There is no l in font nullfont!
Missing character: There is no o in font nullfont!
Missing character: There is no w in font nullfont!
Missing character: There is no ! in font nullfont!
Missing character: There is no 6 in font nullfont!
Missing character: There is no 0 in font nullfont!
Missing character: There is no o in font nullfont!
Missing character: There is no r in font nullfont!
Missing character: There is no a in font nullfont!
Missing character: There is no n in font nullfont!
Missing character: There is no g in font nullfont!
Missing character: There is no e in font nullfont!
Missing character: There is no ! in font nullfont!
Missing character: There is no 6 in font nullfont!
Missing character: There is no 0 in font nullfont!
Missing character: There is no r in font nullfont!
Missing character: There is no e in font nullfont!
Missing character: There is no d in font nullfont!
Missing character: There is no ! in font nullfont!
Missing character: There is no 6 in font nullfont!
Missing character: There is no 0 in font nullfont!
Missing character: There is no b in font nullfont!
Missing character: There is no l in font nullfont!
Missing character: There is no u in font nullfont!
Missing character: There is no e in font nullfont!
Missing character: There is no ! in font nullfont!
Missing character: There is no 6 in font nullfont!
Missing character: There is no 0 in font nullfont!
Missing character: There is no ! in font nullfont!
Missing character: There is no c in font nullfont!
Missing character: There is no y in font nullfont!
Missing character: There is no a in font nullfont!
Missing character: There is no n in font nullfont!
Missing character: There is no ! in font nullfont!
Missing character: There is no 6 in font nullfont!
Missing character: There is no 0 in font nullfont!
Missing character: There is no c in font nullfont!
Missing character: There is no y in font nullfont!
Missing character: There is no a in font nullfont!
Missing character: There is no n in font nullfont!
Missing character: There is no ! in font nullfont!
Missing character: There is no 6 in font nullfont!
Missing character: There is no 0 in font nullfont!
Missing character: There is no ! in font nullfont!
Missing character: There is no y in font nullfont!
Missing character: There is no e in font nullfont!
Missing character: There is no l in font nullfont!
Missing character: There is no l in font nullfont!
Missing character: There is no o in font nullfont!
Missing character: There is no w in font nullfont!
Missing character: There is no ! in font nullfont!
Missing character: There is no 6 in font nullfont!
Missing character: There is no 0 in font nullfont!
Missing character: There is no r in font nullfont!
Missing character: There is no e in font nullfont!
Missing character: There is no d in font nullfont!
Missing character: There is no ! in font nullfont!
Missing character: There is no 6 in font nullfont!
Missing character: There is no 0 in font nullfont!
Missing character: There is no ! in font nullfont!
Missing character: There is no c in font nullfont!
Missing character: There is no y in font nullfont!
Missing character: There is no a in font nullfont!
Missing character: There is no n in font nullfont!
Missing character: There is no ! in font nullfont!
Missing character: There is no 6 in font nullfont!
Missing character: There is no 0 in font nullfont!
Missing character: There is no r in font nullfont!
Missing character: There is no e in font nullfont!
Missing character: There is no d in font nullfont!
Missing character: There is no ! in font nullfont!
Missing character: There is no 6 in font nullfont!
Missing character: There is no 0 in font nullfont!
Missing character: There is no ! in font nullfont!
Missing character: There is no b in font nullfont!
Missing character: There is no l in font nullfont!
Missing character: There is no u in font nullfont!
Missing character: There is no e in font nullfont!
Missing character: There is no ! in font nullfont!
Missing character: There is no 6 in font nullfont!
Missing character: There is no 0 in font nullfont!
Missing character: There is no o in font nullfont!
Missing character: There is no r in font nullfont!
Missing character: There is no a in font nullfont!
Missing character: There is no n in font nullfont!
Missing character: There is no g in font nullfont!
Missing character: There is no e in font nullfont!
Missing character: There is no ! in font nullfont!
Missing character: There is no 6 in font nullfont!
Missing character: There is no 0 in font nullfont!
Missing character: There is no ! in font nullfont!
Missing character: There is no c in font nullfont!
Missing character: There is no y in font nullfont!
Missing character: There is no a in font nullfont!
Missing character: There is no n in font nullfont!
Missing character: There is no ! in font nullfont!
Missing character: There is no 6 in font nullfont!
Missing character: There is no 0 in font nullfont!
[10 <./images/Unique_IP.png>]
Overfull \hbox (0.38837pt too wide) in paragraph at lines 462--463
 [][] \OT1/cmr/m/n/10 A map is also plotted against the attacks receiving from 
different contries
 []

<./images/Global_Attacks_Map.png, id=355, 1254.6875pt x 815.045pt>
File: ./images/Global_Attacks_Map.png Graphic file (type png)
<use ./images/Global_Attacks_Map.png>
Package pdftex.def Info: ./images/Global_Attacks_Map.png  used on input line 46
7.
(pdftex.def)             Requested size: 376.40915pt x 244.51538pt.

Overfull \hbox (31.40915pt too wide) in paragraph at lines 467--468
 [][] 
 []


Overfull \hbox (16.10255pt too wide) in paragraph at lines 474--475
\OT1/cmr/m/n/10 with probabilities associated to it. While exact path cannot be
 inferred, assumptions
 []

[11 <./images/Global_Attacks_Map.png>]
<./images/Stochastic_Process.png, id=363, 575.14874pt x 287.0725pt>
File: ./images/Stochastic_Process.png Graphic file (type png)
<use ./images/Stochastic_Process.png>
Package pdftex.def Info: ./images/Stochastic_Process.png  used on input line 47
9.
(pdftex.def)             Requested size: 402.60138pt x 200.94937pt.

Overfull \hbox (57.60138pt too wide) in paragraph at lines 479--480
 [][] 
 []

[12 <./images/Stochastic_Process.png>]
Underfull \hbox (badness 1748) in paragraph at lines 531--532
[]\OT1/cmr/m/n/10 Privacy and Security of Cloud-Based Internet of Things (IoT) 
by
 []

[13]
Package atveryend Info: Empty hook `BeforeClearDocument' on input line 540.
Package atveryend Info: Empty hook `AfterLastShipout' on input line 540.
 (report.aux)
Package atveryend Info: Executing hook `AtVeryEndDocument' on input line 540.
Package atveryend Info: Executing hook `AtEndAfterFileList' on input line 540.
Package rerunfilecheck Info: File `report.out' has not changed.
(rerunfilecheck)             Checksum: DA41C1DEFDB47C91064A06406410C3A2;1711.
Package atveryend Info: Empty hook `AtVeryVeryEnd' on input line 540.
 ) 
Here is how much of TeX's memory you used:
 29545 strings out of 495223
 687946 string characters out of 3181567
 1040104 words of memory out of 3000000
 32176 multiletter control sequences out of 15000+200000
 8590 words of font info for 31 fonts, out of 3000000 for 9000
 0 hyphenation exceptions out of 8191
 62i,7n,96p,730b,2023s stack positions out of 5000i,500n,10000p,200000b,50000s
</home/iotsys3/.miktex/texmfs/install/fonts/type1/public/amsfonts/cm/cmbx10.p
fb></home/iotsys3/.miktex/texmfs/install/fonts/type1/public/amsfonts/cm/cmbx12.
pfb></home/iotsys3/.miktex/texmfs/install/fonts/type1/public/amsfonts/cm/cmbxsl
10.pfb></home/iotsys3/.miktex/texmfs/install/fonts/type1/public/amsfonts/cm/cmm
i8.pfb></home/iotsys3/.miktex/texmfs/install/fonts/type1/public/amsfonts/cm/cmr
10.pfb></home/iotsys3/.miktex/texmfs/install/fonts/type1/public/amsfonts/cm/cmr
5.pfb></home/iotsys3/.miktex/texmfs/install/fonts/type1/public/amsfonts/cm/cmr8
.pfb></home/iotsys3/.miktex/texmfs/install/fonts/type1/public/amsfonts/cm/cmsy8
.pfb></home/iotsys3/.miktex/texmfs/install/fonts/type1/public/amsfonts/cm/cmti1
0.pfb>
Output written on report.pdf (17 pages, 1233751 bytes).
PDF statistics:
 459 PDF objects out of 1000 (max. 8388607)
 200 named destinations out of 1000 (max. 500000)
 258 words of extra memory for PDF output out of 10000 (max. 10000000)

